2022-12-25 10:05:58,306:DEBUG.GET_RSS_DATA:DEBUG=>Ссылки на источники прочитаны из /home/fedorov/mypy/dataeng/fin-prj-01/config/rss_links.csv<=2385924819.py->read_config[8]
2022-12-25 10:05:58,343:DEBUG.GET_RSS_DATA:DEBUG=>rss_dir_name = lenta.ru|rss|<=277269146.py->rss_dir_prepare[9]
2022-12-25 10:05:59,158:DEBUG.GET_RSS_DATA:DEBUG=>Sun, 25 Dec 2022 09:52:45 +0300<=1550899086.py->convert_to_tz_datetime[12]
2022-12-25 10:05:59,166:DEBUG.GET_RSS_DATA:DEBUG=>Sat, 24 Dec 2022 11:02:00 +0300<=1550899086.py->convert_to_tz_datetime[12]
2022-12-25 10:05:59,314:DEBUG.GET_RSS_DATA:DEBUG=>Записано в файл /home/fedorov/mypy/dataeng/fin-prj-01/data/lenta.ru|rss|/{"to"|"2022-12-25_09-52-45", "from"|"2022-12-24_11-02-00"}.json<=4114205598.py-><module>[7]
2022-12-26 20:34:32,838:DEBUG.GET_RSS_DATA:DEBUG=>Sun, 25 Dec 2022 09:52:45 +0300<=1603527272.py->convert_to_tz_datetime[12]
2022-12-26 20:34:33,006:DEBUG.GET_RSS_DATA:DEBUG=>Sat, 24 Dec 2022 11:02:00 +0300<=1603527272.py->convert_to_tz_datetime[12]
2022-12-26 20:35:00,556:DEBUG.GET_RSS_DATA:DEBUG=>Sun, 25 Dec 2022 09:52:45 +0300<=3782747305.py->convert_to_tz_datetime[12]
2022-12-26 20:35:00,563:DEBUG.GET_RSS_DATA:DEBUG=>Sat, 24 Dec 2022 11:02:00 +0300<=3782747305.py->convert_to_tz_datetime[12]
2022-12-26 21:02:30,677:DEBUG.GET_RSS_DATA:DEBUG=>Данные из https://lenta.ru/rss/ получены. Кол-во записей: 200. Код Ок: True<=67939534.py->get_rss[9]
2022-12-26 21:16:32,236:DEBUG.GET_RSS_DATA:DEBUG=>Данные из https://lenta.ru/rss/ получены. Кол-во записей: 200. Код Ок: True<=3170925195.py->get_rss[10]
2022-12-26 21:16:36,310:DEBUG.GET_RSS_DATA:DEBUG=>Rss_feed записан в файл /home/fedorov/mypy/dataeng/fin-prj-01/data/lenta.ru|rss|/1672078596.json<=1094306421.py->save_rss_feed[41]
2022-12-26 21:23:24,495:DEBUG.GET_RSS_DATA:DEBUG=>Ссылки на источники прочитаны из /home/fedorov/mypy/dataeng/fin-prj-01/config/rss_links.csv<=3992747886.py->read_config[8]
2022-12-26 21:23:24,498:DEBUG.GET_RSS_DATA:DEBUG=>rss_dir_name = lenta.ru|rss|<=2155973547.py->rss_dir_prepare[9]
2022-12-26 21:23:25,077:DEBUG.GET_RSS_DATA:DEBUG=>Данные из https://lenta.ru/rss/ получены. Кол-во записей: 200. Код Ок: True<=1369716965.py->get_rss[10]
2022-12-26 21:23:25,088:DEBUG.GET_RSS_DATA:DEBUG=>Rss_feed записан в файл /home/fedorov/mypy/dataeng/fin-prj-01/data/lenta.ru|rss|/1672079005.json<=767735444.py->save_rss_feed[41]
2022-12-26 21:30:51,443:DEBUG.GET_RSS_DATA:DEBUG=>Ссылки на источники прочитаны из /home/fedorov/mypy/dataeng/fin-prj-01/config/rss_links.csv<=3992747886.py->read_config[8]
2022-12-26 21:30:51,446:DEBUG.GET_RSS_DATA:DEBUG=>rss_dir_name = lenta.ru|rss|<=2155973547.py->rss_dir_prepare[9]
2022-12-26 21:30:52,016:DEBUG.GET_RSS_DATA:DEBUG=>Данные из https://lenta.ru/rss/ получены. Кол-во записей: 200. Код Ок: True<=1369716965.py->get_rss[10]
2022-12-26 21:30:52,028:DEBUG.GET_RSS_DATA:DEBUG=>Rss_feed записан в файл /home/fedorov/mypy/dataeng/fin-prj-01/data/lenta.ru|rss|/1672079452.json<=767735444.py->save_rss_feed[41]
2022-12-26 21:30:52,029:DEBUG.GET_RSS_DATA:DEBUG=>rss_dir_name = www.vedomosti.ru|rss|news<=2155973547.py->rss_dir_prepare[9]
2022-12-26 21:30:52,047:DEBUG.GET_RSS_DATA:DEBUG=>Создна папка /home/fedorov/mypy/dataeng/fin-prj-01/data/www.vedomosti.ru|rss|news<=2155973547.py->rss_dir_prepare[18]
2022-12-26 21:30:52,427:DEBUG.GET_RSS_DATA:DEBUG=>Данные из https://www.vedomosti.ru/rss/news получены. Кол-во записей: 200. Код Ок: True<=1369716965.py->get_rss[10]
2022-12-26 21:30:52,437:DEBUG.GET_RSS_DATA:DEBUG=>Rss_feed записан в файл /home/fedorov/mypy/dataeng/fin-prj-01/data/www.vedomosti.ru|rss|news/1672079452.json<=767735444.py->save_rss_feed[41]
2022-12-26 21:30:52,438:DEBUG.GET_RSS_DATA:DEBUG=>rss_dir_name = tass.ru|rss|v2.xml<=2155973547.py->rss_dir_prepare[9]
2022-12-26 21:30:52,439:DEBUG.GET_RSS_DATA:DEBUG=>Создна папка /home/fedorov/mypy/dataeng/fin-prj-01/data/tass.ru|rss|v2.xml<=2155973547.py->rss_dir_prepare[18]
2022-12-26 21:30:52,882:DEBUG.GET_RSS_DATA:DEBUG=>Данные из https://tass.ru/rss/v2.xml получены. Кол-во записей: 100. Код Ок: True<=1369716965.py->get_rss[10]
2022-12-26 21:30:52,888:DEBUG.GET_RSS_DATA:DEBUG=>Rss_feed записан в файл /home/fedorov/mypy/dataeng/fin-prj-01/data/tass.ru|rss|v2.xml/1672079452.json<=767735444.py->save_rss_feed[41]
2022-12-26 21:30:52,889:DEBUG.GET_RSS_DATA:DEBUG=>rss_dir_name = rossaprimavera.ru|rss<=2155973547.py->rss_dir_prepare[9]
2022-12-26 21:30:52,890:DEBUG.GET_RSS_DATA:DEBUG=>Создна папка /home/fedorov/mypy/dataeng/fin-prj-01/data/rossaprimavera.ru|rss<=2155973547.py->rss_dir_prepare[18]
2022-12-26 21:30:53,527:DEBUG.GET_RSS_DATA:DEBUG=>Данные из https://rossaprimavera.ru/rss получены. Кол-во записей: 51. Код Ок: True<=1369716965.py->get_rss[10]
2022-12-26 21:30:53,534:DEBUG.GET_RSS_DATA:DEBUG=>Rss_feed записан в файл /home/fedorov/mypy/dataeng/fin-prj-01/data/rossaprimavera.ru|rss/1672079453.json<=767735444.py->save_rss_feed[41]
2022-12-26 21:30:53,535:DEBUG.GET_RSS_DATA:DEBUG=>rss_dir_name = regnum.ru|rss<=2155973547.py->rss_dir_prepare[9]
2022-12-26 21:30:53,536:DEBUG.GET_RSS_DATA:DEBUG=>Создна папка /home/fedorov/mypy/dataeng/fin-prj-01/data/regnum.ru|rss<=2155973547.py->rss_dir_prepare[18]
2022-12-26 21:30:54,017:DEBUG.GET_RSS_DATA:DEBUG=>Данные из https://regnum.ru/rss получены. Кол-во записей: 100. Код Ок: True<=1369716965.py->get_rss[10]
2022-12-26 21:30:54,025:DEBUG.GET_RSS_DATA:DEBUG=>Rss_feed записан в файл /home/fedorov/mypy/dataeng/fin-prj-01/data/regnum.ru|rss/1672079454.json<=767735444.py->save_rss_feed[41]
2022-12-26 21:40:54,084:DEBUG.GET_RSS_DATA:DEBUG=>Ссылки на источники прочитаны из /home/fedorov/mypy/dataeng/fin-prj-01/config/rss_links.csv<=3992747886.py->read_config[8]
2022-12-26 21:40:54,085:DEBUG.GET_RSS_DATA:DEBUG=>rss_dir_name = lenta.ru|rss|<=2155973547.py->rss_dir_prepare[9]
2022-12-26 21:40:54,558:DEBUG.GET_RSS_DATA:DEBUG=>Данные из https://lenta.ru/rss/ получены. Кол-во записей: 200. Код Ок: True<=1369716965.py->get_rss[10]
2022-12-26 21:40:54,569:DEBUG.GET_RSS_DATA:DEBUG=>Rss_feed записан в файл /home/fedorov/mypy/dataeng/fin-prj-01/data/lenta.ru|rss|/1672080054.json<=767735444.py->save_rss_feed[41]
2022-12-26 21:40:54,570:DEBUG.GET_RSS_DATA:DEBUG=>rss_dir_name = www.vedomosti.ru|rss|news<=2155973547.py->rss_dir_prepare[9]
2022-12-26 21:40:54,997:DEBUG.GET_RSS_DATA:DEBUG=>Данные из https://www.vedomosti.ru/rss/news получены. Кол-во записей: 200. Код Ок: True<=1369716965.py->get_rss[10]
2022-12-26 21:40:55,011:DEBUG.GET_RSS_DATA:DEBUG=>Rss_feed записан в файл /home/fedorov/mypy/dataeng/fin-prj-01/data/www.vedomosti.ru|rss|news/1672080055.json<=767735444.py->save_rss_feed[41]
2022-12-26 21:40:55,012:DEBUG.GET_RSS_DATA:DEBUG=>rss_dir_name = tass.ru|rss|v2.xml<=2155973547.py->rss_dir_prepare[9]
2022-12-26 21:40:55,563:DEBUG.GET_RSS_DATA:DEBUG=>Данные из https://tass.ru/rss/v2.xml получены. Кол-во записей: 100. Код Ок: True<=1369716965.py->get_rss[10]
2022-12-26 21:40:55,570:DEBUG.GET_RSS_DATA:DEBUG=>Rss_feed записан в файл /home/fedorov/mypy/dataeng/fin-prj-01/data/tass.ru|rss|v2.xml/1672080055.json<=767735444.py->save_rss_feed[41]
2022-12-26 21:40:55,571:DEBUG.GET_RSS_DATA:DEBUG=>rss_dir_name = ria.ru|export|rss2|archive|index.xml<=2155973547.py->rss_dir_prepare[9]
2022-12-26 21:40:55,572:DEBUG.GET_RSS_DATA:DEBUG=>Создна папка /home/fedorov/mypy/dataeng/fin-prj-01/data/ria.ru|export|rss2|archive|index.xml<=2155973547.py->rss_dir_prepare[18]
2022-12-26 21:40:55,925:DEBUG.GET_RSS_DATA:DEBUG=>Данные из https://ria.ru/export/rss2/archive/index.xml получены. Кол-во записей: 100. Код Ок: True<=1369716965.py->get_rss[10]
2022-12-26 21:40:55,930:DEBUG.GET_RSS_DATA:DEBUG=>Rss_feed записан в файл /home/fedorov/mypy/dataeng/fin-prj-01/data/ria.ru|export|rss2|archive|index.xml/1672080055.json<=767735444.py->save_rss_feed[41]
2022-12-26 21:40:55,931:DEBUG.GET_RSS_DATA:DEBUG=>rss_dir_name = www.kommersant.ru|RSS|news.xml<=2155973547.py->rss_dir_prepare[9]
2022-12-26 21:40:55,932:DEBUG.GET_RSS_DATA:DEBUG=>Создна папка /home/fedorov/mypy/dataeng/fin-prj-01/data/www.kommersant.ru|RSS|news.xml<=2155973547.py->rss_dir_prepare[18]
2022-12-26 21:40:56,474:DEBUG.GET_RSS_DATA:DEBUG=>Данные из https://www.kommersant.ru/RSS/news.xml получены. Кол-во записей: 265. Код Ок: True<=1369716965.py->get_rss[10]
2022-12-26 21:40:56,503:DEBUG.GET_RSS_DATA:DEBUG=>Rss_feed записан в файл /home/fedorov/mypy/dataeng/fin-prj-01/data/www.kommersant.ru|RSS|news.xml/1672080056.json<=767735444.py->save_rss_feed[41]
2022-12-26 21:40:56,505:DEBUG.GET_RSS_DATA:DEBUG=>rss_dir_name = rossaprimavera.ru|rss<=2155973547.py->rss_dir_prepare[9]
2022-12-26 21:40:56,859:DEBUG.GET_RSS_DATA:DEBUG=>Данные из https://rossaprimavera.ru/rss получены. Кол-во записей: 51. Код Ок: True<=1369716965.py->get_rss[10]
2022-12-26 21:40:56,864:DEBUG.GET_RSS_DATA:DEBUG=>Rss_feed записан в файл /home/fedorov/mypy/dataeng/fin-prj-01/data/rossaprimavera.ru|rss/1672080056.json<=767735444.py->save_rss_feed[41]
2022-12-26 21:40:56,865:DEBUG.GET_RSS_DATA:DEBUG=>rss_dir_name = regnum.ru|rss<=2155973547.py->rss_dir_prepare[9]
2022-12-26 21:40:57,337:DEBUG.GET_RSS_DATA:DEBUG=>Данные из https://regnum.ru/rss получены. Кол-во записей: 100. Код Ок: True<=1369716965.py->get_rss[10]
2022-12-26 21:40:57,346:DEBUG.GET_RSS_DATA:DEBUG=>Rss_feed записан в файл /home/fedorov/mypy/dataeng/fin-prj-01/data/regnum.ru|rss/1672080057.json<=767735444.py->save_rss_feed[41]
2022-12-26 21:40:57,347:DEBUG.GET_RSS_DATA:DEBUG=>rss_dir_name = www.cnews.ru|inc|rss|news.xml<=2155973547.py->rss_dir_prepare[9]
2022-12-26 21:40:57,348:DEBUG.GET_RSS_DATA:DEBUG=>Создна папка /home/fedorov/mypy/dataeng/fin-prj-01/data/www.cnews.ru|inc|rss|news.xml<=2155973547.py->rss_dir_prepare[18]
2022-12-26 21:40:57,794:DEBUG.GET_RSS_DATA:DEBUG=>Данные из https://www.cnews.ru/inc/rss/news.xml получены. Кол-во записей: 200. Код Ок: True<=1369716965.py->get_rss[10]
2022-12-26 21:40:57,805:DEBUG.GET_RSS_DATA:DEBUG=>Rss_feed записан в файл /home/fedorov/mypy/dataeng/fin-prj-01/data/www.cnews.ru|inc|rss|news.xml/1672080057.json<=767735444.py->save_rss_feed[41]
2022-12-26 21:40:57,806:DEBUG.GET_RSS_DATA:DEBUG=>rss_dir_name = hibinform.ru|feed|<=2155973547.py->rss_dir_prepare[9]
2022-12-26 21:40:57,808:DEBUG.GET_RSS_DATA:DEBUG=>Создна папка /home/fedorov/mypy/dataeng/fin-prj-01/data/hibinform.ru|feed|<=2155973547.py->rss_dir_prepare[18]
2022-12-26 21:40:58,229:DEBUG.GET_RSS_DATA:DEBUG=>Данные из https://hibinform.ru/feed/ получены. Кол-во записей: 10. Код Ок: True<=1369716965.py->get_rss[10]
2022-12-26 21:40:58,231:DEBUG.GET_RSS_DATA:DEBUG=>Rss_feed записан в файл /home/fedorov/mypy/dataeng/fin-prj-01/data/hibinform.ru|feed|/1672080058.json<=767735444.py->save_rss_feed[41]
2022-12-26 21:40:58,232:DEBUG.GET_RSS_DATA:DEBUG=>rss_dir_name = habr.com|ru|rss|all|all|<=2155973547.py->rss_dir_prepare[9]
2022-12-26 21:40:58,233:DEBUG.GET_RSS_DATA:DEBUG=>Создна папка /home/fedorov/mypy/dataeng/fin-prj-01/data/habr.com|ru|rss|all|all|<=2155973547.py->rss_dir_prepare[18]
2022-12-26 21:40:58,676:DEBUG.GET_RSS_DATA:DEBUG=>Данные из https://habr.com/ru/rss/all/all/ получены. Кол-во записей: 20. Код Ок: True<=1369716965.py->get_rss[10]
2022-12-26 21:40:58,680:DEBUG.GET_RSS_DATA:DEBUG=>Rss_feed записан в файл /home/fedorov/mypy/dataeng/fin-prj-01/data/habr.com|ru|rss|all|all|/1672080058.json<=767735444.py->save_rss_feed[41]
2022-12-26 21:54:09,387:DEBUG.GET_RSS_DATA:DEBUG=>Ссылки на источники прочитаны из /home/fedorov/mypy/dataeng/fin-prj-01/config/rss_links.csv<=get_rss_data.py->read_config[110]
2022-12-26 21:54:09,387:DEBUG.GET_RSS_DATA:DEBUG=>Проверяется папка rss_dir_name = lenta.ru|rss|<=get_rss_data.py->rss_dir_prepare[131]
2022-12-26 21:54:09,387:DEBUG.GET_RSS_DATA:DEBUG=>Создна папка /home/fedorov/mypy/dataeng/fin-prj-01/data/lenta.ru|rss|<=get_rss_data.py->rss_dir_prepare[140]
2022-12-26 21:54:09,889:DEBUG.GET_RSS_DATA:DEBUG=>Данные из https://lenta.ru/rss/ получены. Кол-во записей: 200. Код Ок: True<=get_rss_data.py->get_rss[163]
2022-12-26 21:54:09,899:DEBUG.GET_RSS_DATA:DEBUG=>Rss_feed записан в файл /home/fedorov/mypy/dataeng/fin-prj-01/data/lenta.ru|rss|/1672080849.json<=get_rss_data.py->save_rss_feed[215]
2022-12-26 21:54:09,899:DEBUG.GET_RSS_DATA:DEBUG=>Проверяется папка rss_dir_name = www.vedomosti.ru|rss|news<=get_rss_data.py->rss_dir_prepare[131]
2022-12-26 21:54:09,899:DEBUG.GET_RSS_DATA:DEBUG=>Создна папка /home/fedorov/mypy/dataeng/fin-prj-01/data/www.vedomosti.ru|rss|news<=get_rss_data.py->rss_dir_prepare[140]
2022-12-26 21:54:10,273:DEBUG.GET_RSS_DATA:DEBUG=>Данные из https://www.vedomosti.ru/rss/news получены. Кол-во записей: 200. Код Ок: True<=get_rss_data.py->get_rss[163]
2022-12-26 21:54:10,282:DEBUG.GET_RSS_DATA:DEBUG=>Rss_feed записан в файл /home/fedorov/mypy/dataeng/fin-prj-01/data/www.vedomosti.ru|rss|news/1672080850.json<=get_rss_data.py->save_rss_feed[215]
2022-12-26 21:54:10,282:DEBUG.GET_RSS_DATA:DEBUG=>Проверяется папка rss_dir_name = tass.ru|rss|v2.xml<=get_rss_data.py->rss_dir_prepare[131]
2022-12-26 21:54:10,282:DEBUG.GET_RSS_DATA:DEBUG=>Создна папка /home/fedorov/mypy/dataeng/fin-prj-01/data/tass.ru|rss|v2.xml<=get_rss_data.py->rss_dir_prepare[140]
2022-12-26 21:54:10,709:DEBUG.GET_RSS_DATA:DEBUG=>Данные из https://tass.ru/rss/v2.xml получены. Кол-во записей: 100. Код Ок: True<=get_rss_data.py->get_rss[163]
2022-12-26 21:54:10,714:DEBUG.GET_RSS_DATA:DEBUG=>Rss_feed записан в файл /home/fedorov/mypy/dataeng/fin-prj-01/data/tass.ru|rss|v2.xml/1672080850.json<=get_rss_data.py->save_rss_feed[215]
2022-12-26 21:54:10,714:DEBUG.GET_RSS_DATA:DEBUG=>Проверяется папка rss_dir_name = ria.ru|export|rss2|archive|index.xml<=get_rss_data.py->rss_dir_prepare[131]
2022-12-26 21:54:10,714:DEBUG.GET_RSS_DATA:DEBUG=>Создна папка /home/fedorov/mypy/dataeng/fin-prj-01/data/ria.ru|export|rss2|archive|index.xml<=get_rss_data.py->rss_dir_prepare[140]
2022-12-26 21:54:11,981:DEBUG.GET_RSS_DATA:DEBUG=>Данные из https://ria.ru/export/rss2/archive/index.xml получены. Кол-во записей: 100. Код Ок: True<=get_rss_data.py->get_rss[163]
2022-12-26 21:54:11,985:DEBUG.GET_RSS_DATA:DEBUG=>Rss_feed записан в файл /home/fedorov/mypy/dataeng/fin-prj-01/data/ria.ru|export|rss2|archive|index.xml/1672080851.json<=get_rss_data.py->save_rss_feed[215]
2022-12-26 21:54:11,985:DEBUG.GET_RSS_DATA:DEBUG=>Проверяется папка rss_dir_name = www.kommersant.ru|RSS|news.xml<=get_rss_data.py->rss_dir_prepare[131]
2022-12-26 21:54:11,986:DEBUG.GET_RSS_DATA:DEBUG=>Создна папка /home/fedorov/mypy/dataeng/fin-prj-01/data/www.kommersant.ru|RSS|news.xml<=get_rss_data.py->rss_dir_prepare[140]
2022-12-26 21:54:12,494:DEBUG.GET_RSS_DATA:DEBUG=>Данные из https://www.kommersant.ru/RSS/news.xml получены. Кол-во записей: 267. Код Ок: True<=get_rss_data.py->get_rss[163]
2022-12-26 21:54:12,507:DEBUG.GET_RSS_DATA:DEBUG=>Rss_feed записан в файл /home/fedorov/mypy/dataeng/fin-prj-01/data/www.kommersant.ru|RSS|news.xml/1672080852.json<=get_rss_data.py->save_rss_feed[215]
2022-12-26 21:54:12,507:DEBUG.GET_RSS_DATA:DEBUG=>Проверяется папка rss_dir_name = rossaprimavera.ru|rss<=get_rss_data.py->rss_dir_prepare[131]
2022-12-26 21:54:12,507:DEBUG.GET_RSS_DATA:DEBUG=>Создна папка /home/fedorov/mypy/dataeng/fin-prj-01/data/rossaprimavera.ru|rss<=get_rss_data.py->rss_dir_prepare[140]
2022-12-26 21:54:12,825:DEBUG.GET_RSS_DATA:DEBUG=>Данные из https://rossaprimavera.ru/rss получены. Кол-во записей: 51. Код Ок: True<=get_rss_data.py->get_rss[163]
2022-12-26 21:54:12,829:DEBUG.GET_RSS_DATA:DEBUG=>Rss_feed записан в файл /home/fedorov/mypy/dataeng/fin-prj-01/data/rossaprimavera.ru|rss/1672080852.json<=get_rss_data.py->save_rss_feed[215]
2022-12-26 21:54:12,829:DEBUG.GET_RSS_DATA:DEBUG=>Проверяется папка rss_dir_name = regnum.ru|rss<=get_rss_data.py->rss_dir_prepare[131]
2022-12-26 21:54:12,829:DEBUG.GET_RSS_DATA:DEBUG=>Создна папка /home/fedorov/mypy/dataeng/fin-prj-01/data/regnum.ru|rss<=get_rss_data.py->rss_dir_prepare[140]
2022-12-26 21:54:14,016:DEBUG.GET_RSS_DATA:DEBUG=>Данные из https://regnum.ru/rss получены. Кол-во записей: 100. Код Ок: True<=get_rss_data.py->get_rss[163]
2022-12-26 21:54:14,023:DEBUG.GET_RSS_DATA:DEBUG=>Rss_feed записан в файл /home/fedorov/mypy/dataeng/fin-prj-01/data/regnum.ru|rss/1672080854.json<=get_rss_data.py->save_rss_feed[215]
2022-12-26 21:54:14,023:DEBUG.GET_RSS_DATA:DEBUG=>Проверяется папка rss_dir_name = www.cnews.ru|inc|rss|news.xml<=get_rss_data.py->rss_dir_prepare[131]
2022-12-26 21:54:14,024:DEBUG.GET_RSS_DATA:DEBUG=>Создна папка /home/fedorov/mypy/dataeng/fin-prj-01/data/www.cnews.ru|inc|rss|news.xml<=get_rss_data.py->rss_dir_prepare[140]
2022-12-26 21:54:14,443:DEBUG.GET_RSS_DATA:DEBUG=>Данные из https://www.cnews.ru/inc/rss/news.xml получены. Кол-во записей: 200. Код Ок: True<=get_rss_data.py->get_rss[163]
2022-12-26 21:54:14,453:DEBUG.GET_RSS_DATA:DEBUG=>Rss_feed записан в файл /home/fedorov/mypy/dataeng/fin-prj-01/data/www.cnews.ru|inc|rss|news.xml/1672080854.json<=get_rss_data.py->save_rss_feed[215]
2022-12-26 21:54:14,453:DEBUG.GET_RSS_DATA:DEBUG=>Проверяется папка rss_dir_name = hibinform.ru|feed|<=get_rss_data.py->rss_dir_prepare[131]
2022-12-26 21:54:14,453:DEBUG.GET_RSS_DATA:DEBUG=>Создна папка /home/fedorov/mypy/dataeng/fin-prj-01/data/hibinform.ru|feed|<=get_rss_data.py->rss_dir_prepare[140]
2022-12-26 21:54:14,888:DEBUG.GET_RSS_DATA:DEBUG=>Данные из https://hibinform.ru/feed/ получены. Кол-во записей: 10. Код Ок: True<=get_rss_data.py->get_rss[163]
2022-12-26 21:54:14,890:DEBUG.GET_RSS_DATA:DEBUG=>Rss_feed записан в файл /home/fedorov/mypy/dataeng/fin-prj-01/data/hibinform.ru|feed|/1672080854.json<=get_rss_data.py->save_rss_feed[215]
2022-12-26 21:54:14,890:DEBUG.GET_RSS_DATA:DEBUG=>Проверяется папка rss_dir_name = habr.com|ru|rss|all|all|<=get_rss_data.py->rss_dir_prepare[131]
2022-12-26 21:54:14,890:DEBUG.GET_RSS_DATA:DEBUG=>Создна папка /home/fedorov/mypy/dataeng/fin-prj-01/data/habr.com|ru|rss|all|all|<=get_rss_data.py->rss_dir_prepare[140]
2022-12-26 21:54:15,281:DEBUG.GET_RSS_DATA:DEBUG=>Данные из https://habr.com/ru/rss/all/all/ получены. Кол-во записей: 20. Код Ок: True<=get_rss_data.py->get_rss[163]
2022-12-26 21:54:15,283:DEBUG.GET_RSS_DATA:DEBUG=>Rss_feed записан в файл /home/fedorov/mypy/dataeng/fin-prj-01/data/habr.com|ru|rss|all|all|/1672080855.json<=get_rss_data.py->save_rss_feed[215]
2022-12-26 22:28:44,023:DEBUG.GET_RSS_DATA:DEBUG=>Ссылки на источники прочитаны из /home/fedorov/mypy/dataeng/fin-prj-01/config/rss_links.csv<=get_rss_data.py->read_config[110]
2022-12-26 22:28:44,034:DEBUG.GET_RSS_DATA:DEBUG=>Проверяется папка rss_dir_name = lenta.ru|rss|<=get_rss_data.py->rss_dir_prepare[131]
2022-12-26 22:28:44,685:DEBUG.GET_RSS_DATA:DEBUG=>Данные из https://lenta.ru/rss/ получены. Кол-во записей: 200. Код Ок: True<=get_rss_data.py->get_rss[163]
2022-12-26 22:28:44,695:DEBUG.GET_RSS_DATA:DEBUG=>Rss_feed записан в файл /home/fedorov/mypy/dataeng/fin-prj-01/data/lenta.ru|rss|/1672082924.json<=get_rss_data.py->save_rss_feed[215]
2022-12-26 22:28:44,695:DEBUG.GET_RSS_DATA:DEBUG=>Проверяется папка rss_dir_name = www.vedomosti.ru|rss|news<=get_rss_data.py->rss_dir_prepare[131]
2022-12-26 22:28:45,158:DEBUG.GET_RSS_DATA:DEBUG=>Данные из https://www.vedomosti.ru/rss/news получены. Кол-во записей: 200. Код Ок: True<=get_rss_data.py->get_rss[163]
2022-12-26 22:28:45,175:DEBUG.GET_RSS_DATA:DEBUG=>Rss_feed записан в файл /home/fedorov/mypy/dataeng/fin-prj-01/data/www.vedomosti.ru|rss|news/1672082925.json<=get_rss_data.py->save_rss_feed[215]
2022-12-26 22:28:45,175:DEBUG.GET_RSS_DATA:DEBUG=>Проверяется папка rss_dir_name = tass.ru|rss|v2.xml<=get_rss_data.py->rss_dir_prepare[131]
2022-12-26 22:28:45,670:DEBUG.GET_RSS_DATA:DEBUG=>Данные из https://tass.ru/rss/v2.xml получены. Кол-во записей: 99. Код Ок: True<=get_rss_data.py->get_rss[163]
2022-12-26 22:28:45,679:DEBUG.GET_RSS_DATA:DEBUG=>Rss_feed записан в файл /home/fedorov/mypy/dataeng/fin-prj-01/data/tass.ru|rss|v2.xml/1672082925.json<=get_rss_data.py->save_rss_feed[215]
2022-12-26 22:28:45,680:DEBUG.GET_RSS_DATA:DEBUG=>Проверяется папка rss_dir_name = ria.ru|export|rss2|archive|index.xml<=get_rss_data.py->rss_dir_prepare[131]
2022-12-26 22:28:46,852:DEBUG.GET_RSS_DATA:DEBUG=>Данные из https://ria.ru/export/rss2/archive/index.xml получены. Кол-во записей: 100. Код Ок: True<=get_rss_data.py->get_rss[163]
2022-12-26 22:28:46,861:DEBUG.GET_RSS_DATA:DEBUG=>Rss_feed записан в файл /home/fedorov/mypy/dataeng/fin-prj-01/data/ria.ru|export|rss2|archive|index.xml/1672082926.json<=get_rss_data.py->save_rss_feed[215]
2022-12-26 22:28:46,861:DEBUG.GET_RSS_DATA:DEBUG=>Проверяется папка rss_dir_name = www.kommersant.ru|RSS|news.xml<=get_rss_data.py->rss_dir_prepare[131]
2022-12-26 22:28:47,445:DEBUG.GET_RSS_DATA:DEBUG=>Данные из https://www.kommersant.ru/RSS/news.xml получены. Кол-во записей: 270. Код Ок: True<=get_rss_data.py->get_rss[163]
2022-12-26 22:28:47,468:DEBUG.GET_RSS_DATA:DEBUG=>Rss_feed записан в файл /home/fedorov/mypy/dataeng/fin-prj-01/data/www.kommersant.ru|RSS|news.xml/1672082927.json<=get_rss_data.py->save_rss_feed[215]
2022-12-26 22:28:47,468:DEBUG.GET_RSS_DATA:DEBUG=>Проверяется папка rss_dir_name = rossaprimavera.ru|rss<=get_rss_data.py->rss_dir_prepare[131]
2022-12-26 22:28:47,851:DEBUG.GET_RSS_DATA:DEBUG=>Данные из https://rossaprimavera.ru/rss получены. Кол-во записей: 51. Код Ок: True<=get_rss_data.py->get_rss[163]
2022-12-26 22:28:47,880:DEBUG.GET_RSS_DATA:DEBUG=>Rss_feed записан в файл /home/fedorov/mypy/dataeng/fin-prj-01/data/rossaprimavera.ru|rss/1672082927.json<=get_rss_data.py->save_rss_feed[215]
2022-12-26 22:28:47,881:DEBUG.GET_RSS_DATA:DEBUG=>Проверяется папка rss_dir_name = regnum.ru|rss<=get_rss_data.py->rss_dir_prepare[131]
2022-12-26 22:28:48,429:DEBUG.GET_RSS_DATA:DEBUG=>Данные из https://regnum.ru/rss получены. Кол-во записей: 100. Код Ок: True<=get_rss_data.py->get_rss[163]
2022-12-26 22:28:48,441:DEBUG.GET_RSS_DATA:DEBUG=>Rss_feed записан в файл /home/fedorov/mypy/dataeng/fin-prj-01/data/regnum.ru|rss/1672082928.json<=get_rss_data.py->save_rss_feed[215]
2022-12-26 22:28:48,441:DEBUG.GET_RSS_DATA:DEBUG=>Проверяется папка rss_dir_name = www.cnews.ru|inc|rss|news.xml<=get_rss_data.py->rss_dir_prepare[131]
2022-12-26 22:28:48,949:DEBUG.GET_RSS_DATA:DEBUG=>Данные из https://www.cnews.ru/inc/rss/news.xml получены. Кол-во записей: 200. Код Ок: True<=get_rss_data.py->get_rss[163]
2022-12-26 22:28:48,968:DEBUG.GET_RSS_DATA:DEBUG=>Rss_feed записан в файл /home/fedorov/mypy/dataeng/fin-prj-01/data/www.cnews.ru|inc|rss|news.xml/1672082928.json<=get_rss_data.py->save_rss_feed[215]
2022-12-26 22:28:48,968:DEBUG.GET_RSS_DATA:DEBUG=>Проверяется папка rss_dir_name = hibinform.ru|feed|<=get_rss_data.py->rss_dir_prepare[131]
2022-12-26 22:28:49,619:DEBUG.GET_RSS_DATA:DEBUG=>Данные из https://hibinform.ru/feed/ получены. Кол-во записей: 10. Код Ок: True<=get_rss_data.py->get_rss[163]
2022-12-26 22:28:49,622:DEBUG.GET_RSS_DATA:DEBUG=>Rss_feed записан в файл /home/fedorov/mypy/dataeng/fin-prj-01/data/hibinform.ru|feed|/1672082929.json<=get_rss_data.py->save_rss_feed[215]
2022-12-26 22:28:49,622:DEBUG.GET_RSS_DATA:DEBUG=>Проверяется папка rss_dir_name = habr.com|ru|rss|all|all|<=get_rss_data.py->rss_dir_prepare[131]
2022-12-26 22:28:50,048:DEBUG.GET_RSS_DATA:DEBUG=>Данные из https://habr.com/ru/rss/all/all/ получены. Кол-во записей: 20. Код Ок: True<=get_rss_data.py->get_rss[163]
2022-12-26 22:28:50,051:DEBUG.GET_RSS_DATA:DEBUG=>Rss_feed записан в файл /home/fedorov/mypy/dataeng/fin-prj-01/data/habr.com|ru|rss|all|all|/1672082930.json<=get_rss_data.py->save_rss_feed[215]
2022-12-26 22:48:05,093:DEBUG.GET_RSS_DATA:DEBUG=>Прочитали директорию /home/fedorov/mypy/dataeng/fin-prj-01/data/lenta.ru|rss|. Файлов: 5. Список: ['.ipynb_checkpoints', '1672080849.json', '1672080885.json', '1672080989.json', '1672082924.json']<=986045575.py-><module>[12]
2022-12-26 22:48:05,128:DEBUG.GET_RSS_DATA:DEBUG=>Открываем файл /home/fedorov/mypy/dataeng/fin-prj-01/data/lenta.ru|rss|/.ipynb_checkpoints<=986045575.py-><module>[17]
2022-12-26 22:49:43,323:DEBUG.GET_RSS_DATA:DEBUG=>Прочитали директорию /home/fedorov/mypy/dataeng/fin-prj-01/data/lenta.ru|rss|. Файлов: 5. Список: ['.ipynb_checkpoints', '1672080849.json', '1672080885.json', '1672080989.json', '1672082924.json']<=986045575.py-><module>[12]
2022-12-26 22:49:43,325:DEBUG.GET_RSS_DATA:DEBUG=>Открываем файл /home/fedorov/mypy/dataeng/fin-prj-01/data/lenta.ru|rss|/.ipynb_checkpoints<=986045575.py-><module>[17]
2022-12-26 22:50:51,002:DEBUG.GET_RSS_DATA:DEBUG=>Прочитали директорию /home/fedorov/mypy/dataeng/fin-prj-01/data/lenta.ru|rss|. Файлов: 4. Список: ['1672080849.json', '1672080885.json', '1672080989.json', '1672082924.json']<=1781041987.py-><module>[12]
2022-12-26 22:50:51,004:DEBUG.GET_RSS_DATA:DEBUG=>Открываем файл /home/fedorov/mypy/dataeng/fin-prj-01/data/lenta.ru|rss|/1672080849.json<=1781041987.py-><module>[17]
2022-12-26 22:50:51,016:DEBUG.GET_RSS_DATA:DEBUG=>Прочитали содержимое файла /home/fedorov/mypy/dataeng/fin-prj-01/data/lenta.ru|rss|/1672080849.json. Кол-во записей: 200<=1781041987.py-><module>[23]
2022-12-26 23:03:24,544:DEBUG.GET_RSS_DATA:DEBUG=>Прочитали директорию /home/fedorov/mypy/dataeng/fin-prj-01/data/lenta.ru|rss|. Файлов: 4. Список: ['1672080849.json', '1672080885.json', '1672080989.json', '1672082924.json']<=1555985350.py-><module>[12]
2022-12-26 23:03:24,545:DEBUG.GET_RSS_DATA:DEBUG=>Открываем файл /home/fedorov/mypy/dataeng/fin-prj-01/data/lenta.ru|rss|/1672080849.json<=1555985350.py-><module>[17]
2022-12-26 23:03:24,549:DEBUG.GET_RSS_DATA:DEBUG=>Прочитали содержимое файла /home/fedorov/mypy/dataeng/fin-prj-01/data/lenta.ru|rss|/1672080849.json. Кол-во записей: 200<=1555985350.py-><module>[23]
2022-12-26 23:03:24,556:DEBUG.GET_RSS_DATA:DEBUG=>Открываем файл /home/fedorov/mypy/dataeng/fin-prj-01/data/lenta.ru|rss|/1672080885.json<=1555985350.py-><module>[37]
2022-12-26 23:03:24,578:DEBUG.GET_RSS_DATA:DEBUG=>Прочитали содержимое файла 01 /home/fedorov/mypy/dataeng/fin-prj-01/data/lenta.ru|rss|/1672080885.json. Кол-во записей: 200<=1555985350.py-><module>[42]
2022-12-26 23:04:28,649:DEBUG.GET_RSS_DATA:DEBUG=>Прочитали директорию /home/fedorov/mypy/dataeng/fin-prj-01/data/lenta.ru|rss|. Файлов: 4. Список: ['1672080849.json', '1672080885.json', '1672080989.json', '1672082924.json']<=921506140.py-><module>[12]
2022-12-26 23:04:28,651:DEBUG.GET_RSS_DATA:DEBUG=>Открываем файл /home/fedorov/mypy/dataeng/fin-prj-01/data/lenta.ru|rss|/1672080849.json<=921506140.py-><module>[17]
2022-12-26 23:04:28,658:DEBUG.GET_RSS_DATA:DEBUG=>Прочитали содержимое файла /home/fedorov/mypy/dataeng/fin-prj-01/data/lenta.ru|rss|/1672080849.json. Кол-во записей: 200<=921506140.py-><module>[23]
2022-12-26 23:04:28,662:DEBUG.GET_RSS_DATA:DEBUG=>Открываем файл /home/fedorov/mypy/dataeng/fin-prj-01/data/lenta.ru|rss|/1672082924.json<=921506140.py-><module>[37]
2022-12-26 23:04:28,666:DEBUG.GET_RSS_DATA:DEBUG=>Прочитали содержимое файла 01 /home/fedorov/mypy/dataeng/fin-prj-01/data/lenta.ru|rss|/1672082924.json. Кол-во записей: 200<=921506140.py-><module>[42]
2022-12-26 23:05:05,263:DEBUG.GET_RSS_DATA:DEBUG=>Прочитали директорию /home/fedorov/mypy/dataeng/fin-prj-01/data/lenta.ru|rss|. Файлов: 4. Список: ['1672080849.json', '1672080885.json', '1672080989.json', '1672082924.json']<=921506140.py-><module>[12]
2022-12-26 23:05:05,266:DEBUG.GET_RSS_DATA:DEBUG=>Открываем файл /home/fedorov/mypy/dataeng/fin-prj-01/data/lenta.ru|rss|/1672080849.json<=921506140.py-><module>[17]
2022-12-26 23:05:05,276:DEBUG.GET_RSS_DATA:DEBUG=>Прочитали содержимое файла /home/fedorov/mypy/dataeng/fin-prj-01/data/lenta.ru|rss|/1672080849.json. Кол-во записей: 200<=921506140.py-><module>[23]
2022-12-26 23:05:05,281:DEBUG.GET_RSS_DATA:DEBUG=>Открываем файл /home/fedorov/mypy/dataeng/fin-prj-01/data/lenta.ru|rss|/1672082924.json<=921506140.py-><module>[37]
2022-12-26 23:05:05,287:DEBUG.GET_RSS_DATA:DEBUG=>Прочитали содержимое файла 01 /home/fedorov/mypy/dataeng/fin-prj-01/data/lenta.ru|rss|/1672082924.json. Кол-во записей: 200<=921506140.py-><module>[42]
2022-12-26 23:06:24,134:DEBUG.GET_RSS_DATA:DEBUG=>Прочитали директорию /home/fedorov/mypy/dataeng/fin-prj-01/data/ria.ru|export|rss2|archive|index.xml. Файлов: 4. Список: ['1672080851.json', '1672080886.json', '1672080991.json', '1672082926.json']<=2259823970.py-><module>[12]
2022-12-26 23:06:24,135:DEBUG.GET_RSS_DATA:DEBUG=>Открываем файл /home/fedorov/mypy/dataeng/fin-prj-01/data/ria.ru|export|rss2|archive|index.xml/1672080851.json<=2259823970.py-><module>[17]
2022-12-26 23:06:24,157:DEBUG.GET_RSS_DATA:DEBUG=>Прочитали содержимое файла /home/fedorov/mypy/dataeng/fin-prj-01/data/ria.ru|export|rss2|archive|index.xml/1672080851.json. Кол-во записей: 100<=2259823970.py-><module>[23]
2022-12-26 23:06:24,162:DEBUG.GET_RSS_DATA:DEBUG=>Открываем файл /home/fedorov/mypy/dataeng/fin-prj-01/data/ria.ru|export|rss2|archive|index.xml/1672082926.json<=2259823970.py-><module>[37]
2022-12-26 23:06:24,164:DEBUG.GET_RSS_DATA:DEBUG=>Прочитали содержимое файла 01 /home/fedorov/mypy/dataeng/fin-prj-01/data/ria.ru|export|rss2|archive|index.xml/1672082926.json. Кол-во записей: 100<=2259823970.py-><module>[42]
2022-12-26 23:10:30,711:DEBUG.GET_RSS_DATA:DEBUG=>Прочитали директорию /home/fedorov/mypy/dataeng/fin-prj-01/data/ria.ru|export|rss2|archive|index.xml. Файлов: 4. Список: ['1672080851.json', '1672080886.json', '1672080991.json', '1672082926.json']<=14597149.py-><module>[12]
2022-12-26 23:10:30,712:DEBUG.GET_RSS_DATA:DEBUG=>Открываем файл /home/fedorov/mypy/dataeng/fin-prj-01/data/ria.ru|export|rss2|archive|index.xml/1672080851.json<=14597149.py-><module>[17]
2022-12-26 23:10:30,716:DEBUG.GET_RSS_DATA:DEBUG=>Прочитали содержимое файла /home/fedorov/mypy/dataeng/fin-prj-01/data/ria.ru|export|rss2|archive|index.xml/1672080851.json. Кол-во записей: 100<=14597149.py-><module>[23]
2022-12-26 23:10:30,723:DEBUG.GET_RSS_DATA:DEBUG=>Открываем файл /home/fedorov/mypy/dataeng/fin-prj-01/data/ria.ru|export|rss2|archive|index.xml/1672082926.json<=14597149.py-><module>[37]
2022-12-26 23:10:30,726:DEBUG.GET_RSS_DATA:DEBUG=>Прочитали содержимое файла 01 /home/fedorov/mypy/dataeng/fin-prj-01/data/ria.ru|export|rss2|archive|index.xml/1672082926.json. Кол-во записей: 100<=14597149.py-><module>[42]
2022-12-26 23:10:55,445:DEBUG.GET_RSS_DATA:DEBUG=>Прочитали директорию /home/fedorov/mypy/dataeng/fin-prj-01/data/ria.ru|export|rss2|archive|index.xml. Файлов: 4. Список: ['1672080851.json', '1672080886.json', '1672080991.json', '1672082926.json']<=14597149.py-><module>[12]
2022-12-26 23:10:55,446:DEBUG.GET_RSS_DATA:DEBUG=>Открываем файл /home/fedorov/mypy/dataeng/fin-prj-01/data/ria.ru|export|rss2|archive|index.xml/1672080851.json<=14597149.py-><module>[17]
2022-12-26 23:10:55,450:DEBUG.GET_RSS_DATA:DEBUG=>Прочитали содержимое файла /home/fedorov/mypy/dataeng/fin-prj-01/data/ria.ru|export|rss2|archive|index.xml/1672080851.json. Кол-во записей: 100<=14597149.py-><module>[23]
2022-12-26 23:10:55,458:DEBUG.GET_RSS_DATA:DEBUG=>Открываем файл /home/fedorov/mypy/dataeng/fin-prj-01/data/ria.ru|export|rss2|archive|index.xml/1672082926.json<=14597149.py-><module>[37]
2022-12-26 23:10:55,461:DEBUG.GET_RSS_DATA:DEBUG=>Прочитали содержимое файла 01 /home/fedorov/mypy/dataeng/fin-prj-01/data/ria.ru|export|rss2|archive|index.xml/1672082926.json. Кол-во записей: 100<=14597149.py-><module>[42]
2022-12-26 23:29:55,770:DEBUG.GET_RSS_DATA:DEBUG=>Прочитали директорию /home/fedorov/mypy/dataeng/fin-prj-01/data/ria.ru|export|rss2|archive|index.xml. Файлов: 4. Список: ['1672080851.json', '1672080886.json', '1672080991.json', '1672082926.json']<=14597149.py-><module>[12]
2022-12-26 23:29:55,772:DEBUG.GET_RSS_DATA:DEBUG=>Открываем файл /home/fedorov/mypy/dataeng/fin-prj-01/data/ria.ru|export|rss2|archive|index.xml/1672080851.json<=14597149.py-><module>[17]
2022-12-26 23:29:55,776:DEBUG.GET_RSS_DATA:DEBUG=>Прочитали содержимое файла /home/fedorov/mypy/dataeng/fin-prj-01/data/ria.ru|export|rss2|archive|index.xml/1672080851.json. Кол-во записей: 100<=14597149.py-><module>[23]
2022-12-26 23:29:55,783:DEBUG.GET_RSS_DATA:DEBUG=>Открываем файл /home/fedorov/mypy/dataeng/fin-prj-01/data/ria.ru|export|rss2|archive|index.xml/1672082926.json<=14597149.py-><module>[37]
2022-12-26 23:29:55,785:DEBUG.GET_RSS_DATA:DEBUG=>Прочитали содержимое файла 01 /home/fedorov/mypy/dataeng/fin-prj-01/data/ria.ru|export|rss2|archive|index.xml/1672082926.json. Кол-во записей: 100<=14597149.py-><module>[42]
2022-12-26 23:30:22,867:DEBUG.GET_RSS_DATA:DEBUG=>Прочитали директорию /home/fedorov/mypy/dataeng/fin-prj-01/data/ria.ru|export|rss2|archive|index.xml. Файлов: 4. Список: ['1672080851.json', '1672080886.json', '1672080991.json', '1672082926.json']<=14597149.py-><module>[12]
2022-12-26 23:30:22,868:DEBUG.GET_RSS_DATA:DEBUG=>Открываем файл /home/fedorov/mypy/dataeng/fin-prj-01/data/ria.ru|export|rss2|archive|index.xml/1672080851.json<=14597149.py-><module>[17]
2022-12-26 23:30:22,870:DEBUG.GET_RSS_DATA:DEBUG=>Прочитали содержимое файла /home/fedorov/mypy/dataeng/fin-prj-01/data/ria.ru|export|rss2|archive|index.xml/1672080851.json. Кол-во записей: 100<=14597149.py-><module>[23]
2022-12-26 23:30:22,875:DEBUG.GET_RSS_DATA:DEBUG=>Открываем файл /home/fedorov/mypy/dataeng/fin-prj-01/data/ria.ru|export|rss2|archive|index.xml/1672082926.json<=14597149.py-><module>[37]
2022-12-26 23:30:22,878:DEBUG.GET_RSS_DATA:DEBUG=>Прочитали содержимое файла 01 /home/fedorov/mypy/dataeng/fin-prj-01/data/ria.ru|export|rss2|archive|index.xml/1672082926.json. Кол-во записей: 100<=14597149.py-><module>[42]
2022-12-27 08:57:51,030:DEBUG.GET_RSS_DATA:DEBUG=>Ссылки на источники прочитаны из /home/fedorov/mypy/dataeng/fin-prj-01/config/rss_links.csv<=3992747886.py->read_config[8]
2022-12-27 08:57:51,044:DEBUG.GET_RSS_DATA:DEBUG=>Проверяется папка rss_dir_name = lenta.ru|rss|<=4097984872.py->rss_dir_prepare[9]
2022-12-27 08:57:51,611:DEBUG.GET_RSS_DATA:DEBUG=>Данные из https://lenta.ru/rss/ получены. Кол-во записей: 200. Код Ок: True<=1369716965.py->get_rss[10]
2022-12-27 08:57:51,623:DEBUG.GET_RSS_DATA:DEBUG=>Rss_feed записан в файл /home/fedorov/mypy/dataeng/fin-prj-01/data/lenta.ru|rss|/1672120671.json<=767735444.py->save_rss_feed[41]
2022-12-27 08:57:51,624:DEBUG.GET_RSS_DATA:DEBUG=>Проверяется папка rss_dir_name = www.vedomosti.ru|rss|news<=4097984872.py->rss_dir_prepare[9]
2022-12-27 08:57:52,014:DEBUG.GET_RSS_DATA:DEBUG=>Данные из https://www.vedomosti.ru/rss/news получены. Кол-во записей: 200. Код Ок: True<=1369716965.py->get_rss[10]
2022-12-27 08:57:52,026:DEBUG.GET_RSS_DATA:DEBUG=>Rss_feed записан в файл /home/fedorov/mypy/dataeng/fin-prj-01/data/www.vedomosti.ru|rss|news/1672120672.json<=767735444.py->save_rss_feed[41]
2022-12-27 08:57:52,027:DEBUG.GET_RSS_DATA:DEBUG=>Проверяется папка rss_dir_name = tass.ru|rss|v2.xml<=4097984872.py->rss_dir_prepare[9]
2022-12-27 08:57:52,460:DEBUG.GET_RSS_DATA:DEBUG=>Данные из https://tass.ru/rss/v2.xml получены. Кол-во записей: 99. Код Ок: True<=1369716965.py->get_rss[10]
2022-12-27 08:57:52,469:DEBUG.GET_RSS_DATA:DEBUG=>Rss_feed записан в файл /home/fedorov/mypy/dataeng/fin-prj-01/data/tass.ru|rss|v2.xml/1672120672.json<=767735444.py->save_rss_feed[41]
2022-12-27 08:57:52,470:DEBUG.GET_RSS_DATA:DEBUG=>Проверяется папка rss_dir_name = ria.ru|export|rss2|archive|index.xml<=4097984872.py->rss_dir_prepare[9]
2022-12-27 08:57:52,791:DEBUG.GET_RSS_DATA:DEBUG=>Данные из https://ria.ru/export/rss2/archive/index.xml получены. Кол-во записей: 98. Код Ок: True<=1369716965.py->get_rss[10]
2022-12-27 08:57:52,798:DEBUG.GET_RSS_DATA:DEBUG=>Rss_feed записан в файл /home/fedorov/mypy/dataeng/fin-prj-01/data/ria.ru|export|rss2|archive|index.xml/1672120672.json<=767735444.py->save_rss_feed[41]
2022-12-27 08:57:52,799:DEBUG.GET_RSS_DATA:DEBUG=>Проверяется папка rss_dir_name = www.kommersant.ru|RSS|news.xml<=4097984872.py->rss_dir_prepare[9]
2022-12-27 08:57:53,338:DEBUG.GET_RSS_DATA:DEBUG=>Данные из https://www.kommersant.ru/RSS/news.xml получены. Кол-во записей: 235. Код Ок: True<=1369716965.py->get_rss[10]
2022-12-27 08:57:53,356:DEBUG.GET_RSS_DATA:DEBUG=>Rss_feed записан в файл /home/fedorov/mypy/dataeng/fin-prj-01/data/www.kommersant.ru|RSS|news.xml/1672120673.json<=767735444.py->save_rss_feed[41]
2022-12-27 08:57:53,357:DEBUG.GET_RSS_DATA:DEBUG=>Проверяется папка rss_dir_name = rossaprimavera.ru|rss<=4097984872.py->rss_dir_prepare[9]
2022-12-27 08:57:53,681:DEBUG.GET_RSS_DATA:DEBUG=>Данные из https://rossaprimavera.ru/rss получены. Кол-во записей: 34. Код Ок: True<=1369716965.py->get_rss[10]
2022-12-27 08:57:53,686:DEBUG.GET_RSS_DATA:DEBUG=>Rss_feed записан в файл /home/fedorov/mypy/dataeng/fin-prj-01/data/rossaprimavera.ru|rss/1672120673.json<=767735444.py->save_rss_feed[41]
2022-12-27 08:57:53,688:DEBUG.GET_RSS_DATA:DEBUG=>Проверяется папка rss_dir_name = regnum.ru|rss<=4097984872.py->rss_dir_prepare[9]
2022-12-27 08:57:54,185:DEBUG.GET_RSS_DATA:DEBUG=>Данные из https://regnum.ru/rss получены. Кол-во записей: 100. Код Ок: True<=1369716965.py->get_rss[10]
2022-12-27 08:57:54,197:DEBUG.GET_RSS_DATA:DEBUG=>Rss_feed записан в файл /home/fedorov/mypy/dataeng/fin-prj-01/data/regnum.ru|rss/1672120674.json<=767735444.py->save_rss_feed[41]
2022-12-27 08:57:54,199:DEBUG.GET_RSS_DATA:DEBUG=>Проверяется папка rss_dir_name = www.cnews.ru|inc|rss|news.xml<=4097984872.py->rss_dir_prepare[9]
2022-12-27 08:57:54,612:DEBUG.GET_RSS_DATA:DEBUG=>Данные из https://www.cnews.ru/inc/rss/news.xml получены. Кол-во записей: 200. Код Ок: True<=1369716965.py->get_rss[10]
2022-12-27 08:57:54,624:DEBUG.GET_RSS_DATA:DEBUG=>Rss_feed записан в файл /home/fedorov/mypy/dataeng/fin-prj-01/data/www.cnews.ru|inc|rss|news.xml/1672120674.json<=767735444.py->save_rss_feed[41]
2022-12-27 08:57:54,625:DEBUG.GET_RSS_DATA:DEBUG=>Проверяется папка rss_dir_name = hibinform.ru|feed|<=4097984872.py->rss_dir_prepare[9]
2022-12-27 08:57:54,998:DEBUG.GET_RSS_DATA:DEBUG=>Данные из https://hibinform.ru/feed/ получены. Кол-во записей: 10. Код Ок: True<=1369716965.py->get_rss[10]
2022-12-27 08:57:55,001:DEBUG.GET_RSS_DATA:DEBUG=>Rss_feed записан в файл /home/fedorov/mypy/dataeng/fin-prj-01/data/hibinform.ru|feed|/1672120675.json<=767735444.py->save_rss_feed[41]
2022-12-27 08:57:55,004:DEBUG.GET_RSS_DATA:DEBUG=>Проверяется папка rss_dir_name = habr.com|ru|rss|all|all|<=4097984872.py->rss_dir_prepare[9]
2022-12-27 08:57:55,366:DEBUG.GET_RSS_DATA:DEBUG=>Данные из https://habr.com/ru/rss/all/all/ получены. Кол-во записей: 20. Код Ок: True<=1369716965.py->get_rss[10]
2022-12-27 08:57:55,369:DEBUG.GET_RSS_DATA:DEBUG=>Rss_feed записан в файл /home/fedorov/mypy/dataeng/fin-prj-01/data/habr.com|ru|rss|all|all|/1672120675.json<=767735444.py->save_rss_feed[41]
2022-12-27 08:58:27,971:DEBUG.GET_RSS_DATA:DEBUG=>Прочитали директорию /home/fedorov/mypy/dataeng/fin-prj-01/data/ria.ru|export|rss2|archive|index.xml. Файлов: 5. Список: ['1672120672.json', '1672082926.json', '1672080991.json', '1672080886.json', '1672080851.json']<=517059878.py-><module>[12]
2022-12-27 08:58:27,973:DEBUG.GET_RSS_DATA:DEBUG=>Открываем файл /home/fedorov/mypy/dataeng/fin-prj-01/data/ria.ru|export|rss2|archive|index.xml/1672120672.json<=517059878.py-><module>[17]
2022-12-27 08:58:27,978:DEBUG.GET_RSS_DATA:DEBUG=>Прочитали содержимое файла /home/fedorov/mypy/dataeng/fin-prj-01/data/ria.ru|export|rss2|archive|index.xml/1672120672.json. Кол-во записей: 98<=517059878.py-><module>[23]
2022-12-27 08:58:28,078:DEBUG.GET_RSS_DATA:DEBUG=>Открываем файл /home/fedorov/mypy/dataeng/fin-prj-01/data/ria.ru|export|rss2|archive|index.xml/1672080851.json<=517059878.py-><module>[35]
2022-12-27 08:58:28,105:DEBUG.GET_RSS_DATA:DEBUG=>Прочитали содержимое файла 01 /home/fedorov/mypy/dataeng/fin-prj-01/data/ria.ru|export|rss2|archive|index.xml/1672080851.json. Кол-во записей: 100<=517059878.py-><module>[40]
2022-12-27 09:01:02,825:DEBUG.GET_RSS_DATA:DEBUG=>Прочитали директорию /home/fedorov/mypy/dataeng/fin-prj-01/data/ria.ru|export|rss2|archive|index.xml. Файлов: 5. Список: ['1672120672.json', '1672082926.json', '1672080991.json', '1672080886.json', '1672080851.json']<=740063997.py-><module>[12]
2022-12-27 09:01:02,827:DEBUG.GET_RSS_DATA:DEBUG=>Открываем файл /home/fedorov/mypy/dataeng/fin-prj-01/data/ria.ru|export|rss2|archive|index.xml/1672120672.json<=740063997.py-><module>[17]
2022-12-27 09:01:02,832:DEBUG.GET_RSS_DATA:DEBUG=>Прочитали содержимое файла /home/fedorov/mypy/dataeng/fin-prj-01/data/ria.ru|export|rss2|archive|index.xml/1672120672.json. Кол-во записей: 98<=740063997.py-><module>[23]
2022-12-27 09:01:02,839:DEBUG.GET_RSS_DATA:DEBUG=>Открываем файл /home/fedorov/mypy/dataeng/fin-prj-01/data/ria.ru|export|rss2|archive|index.xml/1672082926.json<=740063997.py-><module>[35]
2022-12-27 09:01:02,888:DEBUG.GET_RSS_DATA:DEBUG=>Прочитали содержимое файла 01 /home/fedorov/mypy/dataeng/fin-prj-01/data/ria.ru|export|rss2|archive|index.xml/1672082926.json. Кол-во записей: 100<=740063997.py-><module>[40]
2022-12-27 09:02:25,502:DEBUG.GET_RSS_DATA:DEBUG=>Прочитали директорию /home/fedorov/mypy/dataeng/fin-prj-01/data/regnum.ru|rss. Файлов: 5. Список: ['1672120674.json', '1672082928.json', '1672080992.json', '1672080888.json', '1672080854.json']<=1123992519.py-><module>[12]
2022-12-27 09:02:25,505:DEBUG.GET_RSS_DATA:DEBUG=>Открываем файл /home/fedorov/mypy/dataeng/fin-prj-01/data/regnum.ru|rss/1672120674.json<=1123992519.py-><module>[17]
2022-12-27 09:02:25,513:DEBUG.GET_RSS_DATA:DEBUG=>Прочитали содержимое файла /home/fedorov/mypy/dataeng/fin-prj-01/data/regnum.ru|rss/1672120674.json. Кол-во записей: 100<=1123992519.py-><module>[23]
2022-12-27 09:02:25,521:DEBUG.GET_RSS_DATA:DEBUG=>Открываем файл /home/fedorov/mypy/dataeng/fin-prj-01/data/regnum.ru|rss/1672082928.json<=1123992519.py-><module>[35]
2022-12-27 09:02:25,606:DEBUG.GET_RSS_DATA:DEBUG=>Прочитали содержимое файла 01 /home/fedorov/mypy/dataeng/fin-prj-01/data/regnum.ru|rss/1672082928.json. Кол-во записей: 100<=1123992519.py-><module>[40]
2022-12-27 10:04:06,195:DEBUG.GET_RSS_DATA:DEBUG=>Прочитали содержимое файла /home/fedorov/mypy/dataeng/fin-prj-01/data/regnum.ru|rss/1672120674.json. Кол-во записей: 100<=476789854.py->feedfile_to_pandas[18]
2022-12-27 10:04:07,212:DEBUG.GET_RSS_DATA:DEBUG=>Из файла /home/fedorov/mypy/dataeng/fin-prj-01/data/regnum.ru|rss/1672120674.json получили таблицу, кол-во строк 100.<=476789854.py->feedfile_to_pandas[26]
2022-12-27 10:06:31,922:DEBUG.GET_RSS_DATA:DEBUG=>Прочитали содержимое файла /home/fedorov/mypy/dataeng/fin-prj-01/data/regnum.ru|rss/1672120674.json. Кол-во записей: 100<=476789854.py->feedfile_to_pandas[18]
2022-12-27 10:06:31,957:DEBUG.GET_RSS_DATA:DEBUG=>Из файла /home/fedorov/mypy/dataeng/fin-prj-01/data/regnum.ru|rss/1672120674.json получили таблицу, кол-во строк 100.<=476789854.py->feedfile_to_pandas[26]
2022-12-27 10:08:20,978:DEBUG.GET_RSS_DATA:DEBUG=>Прочитали содержимое файла /home/fedorov/mypy/dataeng/fin-prj-01/data/regnum.ru|rss/1672120674.json. Кол-во записей: 100<=2985732640.py->feedfile_to_pandas[19]
2022-12-27 10:08:20,982:DEBUG.GET_RSS_DATA:DEBUG=>Из файла /home/fedorov/mypy/dataeng/fin-prj-01/data/regnum.ru|rss/1672120674.json получили таблицу, кол-во строк 100.<=2985732640.py->feedfile_to_pandas[27]
2022-12-27 10:08:34,892:DEBUG.GET_RSS_DATA:DEBUG=>Прочитали содержимое файла /home/fedorov/mypy/dataeng/fin-prj-01/data/regnum.ru|rss/1672120674.json. Кол-во записей: 100<=2985732640.py->feedfile_to_pandas[19]
2022-12-27 10:08:34,898:DEBUG.GET_RSS_DATA:DEBUG=>Из файла /home/fedorov/mypy/dataeng/fin-prj-01/data/regnum.ru|rss/1672120674.json получили таблицу, кол-во строк 100.<=2985732640.py->feedfile_to_pandas[27]
2022-12-27 10:32:16,652:DEBUG.GET_RSS_DATA:DEBUG=>Ссылки на источники прочитаны из /home/fedorov/mypy/dataeng/fin-prj-01/config/rss_links.csv<=3992747886.py->read_config[8]
2022-12-27 10:32:16,733:DEBUG.GET_RSS_DATA:DEBUG=>Проверяется папка rss_dir_name = lenta.ru|rss|<=1236541857.py->rss_dir_prepare[19]
2022-12-27 10:32:17,822:DEBUG.GET_RSS_DATA:DEBUG=>Данные из https://lenta.ru/rss/ получены. Кол-во записей: 200. Код Ок: True<=1369716965.py->get_rss[10]
2022-12-27 10:32:17,869:DEBUG.GET_RSS_DATA:DEBUG=>Rss_feed записан в файл /home/fedorov/mypy/dataeng/fin-prj-01/data/lenta.ru|rss|/1672126337.json<=767735444.py->save_rss_feed[41]
2022-12-27 10:32:17,870:DEBUG.GET_RSS_DATA:DEBUG=>Проверяется папка rss_dir_name = www.vedomosti.ru|rss|news<=1236541857.py->rss_dir_prepare[19]
2022-12-27 10:32:18,364:DEBUG.GET_RSS_DATA:DEBUG=>Данные из https://www.vedomosti.ru/rss/news получены. Кол-во записей: 200. Код Ок: True<=1369716965.py->get_rss[10]
2022-12-27 10:32:18,398:DEBUG.GET_RSS_DATA:DEBUG=>Rss_feed записан в файл /home/fedorov/mypy/dataeng/fin-prj-01/data/www.vedomosti.ru|rss|news/1672126338.json<=767735444.py->save_rss_feed[41]
2022-12-27 10:32:18,399:DEBUG.GET_RSS_DATA:DEBUG=>Проверяется папка rss_dir_name = tass.ru|rss|v2.xml<=1236541857.py->rss_dir_prepare[19]
2022-12-27 10:32:18,832:DEBUG.GET_RSS_DATA:DEBUG=>Данные из https://tass.ru/rss/v2.xml получены. Кол-во записей: 96. Код Ок: True<=1369716965.py->get_rss[10]
2022-12-27 10:32:18,843:DEBUG.GET_RSS_DATA:DEBUG=>Rss_feed записан в файл /home/fedorov/mypy/dataeng/fin-prj-01/data/tass.ru|rss|v2.xml/1672126338.json<=767735444.py->save_rss_feed[41]
2022-12-27 10:32:18,844:DEBUG.GET_RSS_DATA:DEBUG=>Проверяется папка rss_dir_name = ria.ru|export|rss2|archive|index.xml<=1236541857.py->rss_dir_prepare[19]
2022-12-27 10:32:19,205:DEBUG.GET_RSS_DATA:DEBUG=>Данные из https://ria.ru/export/rss2/archive/index.xml получены. Кол-во записей: 98. Код Ок: True<=1369716965.py->get_rss[10]
2022-12-27 10:32:19,215:DEBUG.GET_RSS_DATA:DEBUG=>Rss_feed записан в файл /home/fedorov/mypy/dataeng/fin-prj-01/data/ria.ru|export|rss2|archive|index.xml/1672126339.json<=767735444.py->save_rss_feed[41]
2022-12-27 10:32:19,216:DEBUG.GET_RSS_DATA:DEBUG=>Проверяется папка rss_dir_name = www.kommersant.ru|RSS|news.xml<=1236541857.py->rss_dir_prepare[19]
2022-12-27 10:32:19,814:DEBUG.GET_RSS_DATA:DEBUG=>Данные из https://www.kommersant.ru/RSS/news.xml получены. Кол-во записей: 247. Код Ок: True<=1369716965.py->get_rss[10]
2022-12-27 10:32:19,838:DEBUG.GET_RSS_DATA:DEBUG=>Rss_feed записан в файл /home/fedorov/mypy/dataeng/fin-prj-01/data/www.kommersant.ru|RSS|news.xml/1672126339.json<=767735444.py->save_rss_feed[41]
2022-12-27 10:32:19,839:DEBUG.GET_RSS_DATA:DEBUG=>Проверяется папка rss_dir_name = rossaprimavera.ru|rss<=1236541857.py->rss_dir_prepare[19]
2022-12-27 10:32:20,155:DEBUG.GET_RSS_DATA:DEBUG=>Данные из https://rossaprimavera.ru/rss получены. Кол-во записей: 35. Код Ок: True<=1369716965.py->get_rss[10]
2022-12-27 10:32:20,162:DEBUG.GET_RSS_DATA:DEBUG=>Rss_feed записан в файл /home/fedorov/mypy/dataeng/fin-prj-01/data/rossaprimavera.ru|rss/1672126340.json<=767735444.py->save_rss_feed[41]
2022-12-27 10:32:20,163:DEBUG.GET_RSS_DATA:DEBUG=>Проверяется папка rss_dir_name = regnum.ru|rss<=1236541857.py->rss_dir_prepare[19]
2022-12-27 10:32:20,709:DEBUG.GET_RSS_DATA:DEBUG=>Данные из https://regnum.ru/rss получены. Кол-во записей: 100. Код Ок: True<=1369716965.py->get_rss[10]
2022-12-27 10:32:20,722:DEBUG.GET_RSS_DATA:DEBUG=>Rss_feed записан в файл /home/fedorov/mypy/dataeng/fin-prj-01/data/regnum.ru|rss/1672126340.json<=767735444.py->save_rss_feed[41]
2022-12-27 10:32:20,722:DEBUG.GET_RSS_DATA:DEBUG=>Проверяется папка rss_dir_name = www.cnews.ru|inc|rss|news.xml<=1236541857.py->rss_dir_prepare[19]
2022-12-27 10:32:21,237:DEBUG.GET_RSS_DATA:DEBUG=>Данные из https://www.cnews.ru/inc/rss/news.xml получены. Кол-во записей: 200. Код Ок: True<=1369716965.py->get_rss[10]
2022-12-27 10:32:21,254:DEBUG.GET_RSS_DATA:DEBUG=>Rss_feed записан в файл /home/fedorov/mypy/dataeng/fin-prj-01/data/www.cnews.ru|inc|rss|news.xml/1672126341.json<=767735444.py->save_rss_feed[41]
2022-12-27 10:32:21,266:DEBUG.GET_RSS_DATA:DEBUG=>Проверяется папка rss_dir_name = hibinform.ru|feed|<=1236541857.py->rss_dir_prepare[19]
2022-12-27 10:32:21,947:DEBUG.GET_RSS_DATA:DEBUG=>Данные из https://hibinform.ru/feed/ получены. Кол-во записей: 10. Код Ок: True<=1369716965.py->get_rss[10]
2022-12-27 10:32:21,951:DEBUG.GET_RSS_DATA:DEBUG=>Rss_feed записан в файл /home/fedorov/mypy/dataeng/fin-prj-01/data/hibinform.ru|feed|/1672126341.json<=767735444.py->save_rss_feed[41]
2022-12-27 10:32:21,954:DEBUG.GET_RSS_DATA:DEBUG=>Проверяется папка rss_dir_name = habr.com|ru|rss|all|all|<=1236541857.py->rss_dir_prepare[19]
2022-12-27 10:32:22,377:DEBUG.GET_RSS_DATA:DEBUG=>Данные из https://habr.com/ru/rss/all/all/ получены. Кол-во записей: 20. Код Ок: True<=1369716965.py->get_rss[10]
2022-12-27 10:32:22,382:DEBUG.GET_RSS_DATA:DEBUG=>Rss_feed записан в файл /home/fedorov/mypy/dataeng/fin-prj-01/data/habr.com|ru|rss|all|all|/1672126342.json<=767735444.py->save_rss_feed[41]
2022-12-27 10:34:49,462:DEBUG.GET_RSS_DATA:DEBUG=>Прочитали директорию /home/fedorov/mypy/dataeng/fin-prj-01/data/regnum.ru|rss. Файлов: 6. Список: ['1672126340.json', '1672120674.json', '1672082928.json', '1672080992.json', '1672080888.json', '1672080854.json']<=2318389086.py-><module>[8]
2022-12-27 10:34:49,468:DEBUG.GET_RSS_DATA:DEBUG=>Прочитали содержимое файла /home/fedorov/mypy/dataeng/fin-prj-01/data/regnum.ru|rss/1672126340.json. Кол-во записей: 100<=2985732640.py->feedfile_to_pandas[19]
2022-12-27 10:34:49,568:DEBUG.GET_RSS_DATA:DEBUG=>Из файла /home/fedorov/mypy/dataeng/fin-prj-01/data/regnum.ru|rss/1672126340.json получили таблицу, кол-во строк 100.<=2985732640.py->feedfile_to_pandas[27]
2022-12-27 10:34:49,589:DEBUG.GET_RSS_DATA:DEBUG=>Прочитали содержимое файла /home/fedorov/mypy/dataeng/fin-prj-01/data/regnum.ru|rss/1672120674.json. Кол-во записей: 100<=2985732640.py->feedfile_to_pandas[19]
2022-12-27 10:34:49,593:DEBUG.GET_RSS_DATA:DEBUG=>Из файла /home/fedorov/mypy/dataeng/fin-prj-01/data/regnum.ru|rss/1672120674.json получили таблицу, кол-во строк 100.<=2985732640.py->feedfile_to_pandas[27]
2022-12-27 12:07:43,185:DEBUG.GET_RSS_DATA:DEBUG=>Прочитали директорию /home/fedorov/mypy/dataeng/fin-prj-01/data/regnum.ru|rss. Кол-во файлов: 6. Список: ['1672126340.json', '1672120674.json', '1672082928.json', '1672080992.json', '1672080888.json', '1672080854.json']<=2467107869.py->join_all_feedfiles[10]
2022-12-27 12:07:43,192:DEBUG.GET_RSS_DATA:DEBUG=>Прочитали содержимое файла /home/fedorov/mypy/dataeng/fin-prj-01/data/regnum.ru|rss/1672126340.json. Кол-во записей: 100<=2985732640.py->feedfile_to_pandas[19]
2022-12-27 12:07:43,198:DEBUG.GET_RSS_DATA:DEBUG=>Из файла /home/fedorov/mypy/dataeng/fin-prj-01/data/regnum.ru|rss/1672126340.json получили таблицу, кол-во строк 100.<=2985732640.py->feedfile_to_pandas[27]
2022-12-27 12:07:43,202:DEBUG.GET_RSS_DATA:DEBUG=>Таблица для файла:1672126340.json, строк:100, нач.:Tue, 27 Dec 2022 07:26:00 GMT В Макеевке задержаны, кон.:Mon, 26 Dec 2022 14:14:00 GMT Жительницу Екатеринб<=2467107869.py->join_all_feedfiles[21]
2022-12-27 12:07:43,204:DEBUG.GET_RSS_DATA:DEBUG=>Сформировали сводную таблицу для файлов в /home/fedorov/mypy/dataeng/fin-prj-01/data/regnum.ru|rss. Кол-во строк: 0<=2467107869.py->join_all_feedfiles[28]
2022-12-27 12:07:43,206:DEBUG.GET_RSS_DATA:DEBUG=>После удаления дубликатов: кол-во строк: 0<=2467107869.py->join_all_feedfiles[30]
2022-12-27 12:09:38,577:DEBUG.GET_RSS_DATA:DEBUG=>Прочитали директорию /home/fedorov/mypy/dataeng/fin-prj-01/data/regnum.ru|rss. Кол-во файлов: 6. Список: ['1672126340.json', '1672120674.json', '1672082928.json', '1672080992.json', '1672080888.json', '1672080854.json']<=1130300101.py->join_all_feedfiles[10]
2022-12-27 12:09:38,585:DEBUG.GET_RSS_DATA:DEBUG=>Прочитали содержимое файла /home/fedorov/mypy/dataeng/fin-prj-01/data/regnum.ru|rss/1672126340.json. Кол-во записей: 100<=2985732640.py->feedfile_to_pandas[19]
2022-12-27 12:09:38,591:DEBUG.GET_RSS_DATA:DEBUG=>Из файла /home/fedorov/mypy/dataeng/fin-prj-01/data/regnum.ru|rss/1672126340.json получили таблицу, кол-во строк 100.<=2985732640.py->feedfile_to_pandas[27]
2022-12-27 12:09:38,597:DEBUG.GET_RSS_DATA:DEBUG=>Таблица для файла:1672126340.json, строк:100, нач.:Tue, 27 Dec 2022 07:26:00 GMT В Макеевке задержаны, кон.:Mon, 26 Dec 2022 14:14:00 GMT Жительницу Екатеринб<=1130300101.py->join_all_feedfiles[21]
2022-12-27 12:09:38,598:DEBUG.GET_RSS_DATA:DEBUG=>Сформировали сводную таблицу для файлов в /home/fedorov/mypy/dataeng/fin-prj-01/data/regnum.ru|rss. Кол-во строк: 100<=1130300101.py->join_all_feedfiles[30]
2022-12-27 12:09:38,601:DEBUG.GET_RSS_DATA:DEBUG=>После удаления дубликатов: кол-во строк: 100<=1130300101.py->join_all_feedfiles[32]
2022-12-27 12:10:05,960:DEBUG.GET_RSS_DATA:DEBUG=>Прочитали директорию /home/fedorov/mypy/dataeng/fin-prj-01/data/regnum.ru|rss. Кол-во файлов: 6. Список: ['1672126340.json', '1672120674.json', '1672082928.json', '1672080992.json', '1672080888.json', '1672080854.json']<=1275801481.py->join_all_feedfiles[10]
2022-12-27 12:10:05,968:DEBUG.GET_RSS_DATA:DEBUG=>Прочитали содержимое файла /home/fedorov/mypy/dataeng/fin-prj-01/data/regnum.ru|rss/1672126340.json. Кол-во записей: 100<=2985732640.py->feedfile_to_pandas[19]
2022-12-27 12:10:05,971:DEBUG.GET_RSS_DATA:DEBUG=>Из файла /home/fedorov/mypy/dataeng/fin-prj-01/data/regnum.ru|rss/1672126340.json получили таблицу, кол-во строк 100.<=2985732640.py->feedfile_to_pandas[27]
2022-12-27 12:10:05,974:DEBUG.GET_RSS_DATA:DEBUG=>Таблица для файла:1672126340.json, строк:100, нач.:Tue, 27 Dec 2022 07:26:00 GMT В Макеевке задержаны, кон.:Mon, 26 Dec 2022 14:14:00 GMT Жительницу Екатеринб<=1275801481.py->join_all_feedfiles[21]
2022-12-27 12:10:05,978:DEBUG.GET_RSS_DATA:DEBUG=>Прочитали содержимое файла /home/fedorov/mypy/dataeng/fin-prj-01/data/regnum.ru|rss/1672120674.json. Кол-во записей: 100<=2985732640.py->feedfile_to_pandas[19]
2022-12-27 12:10:05,980:DEBUG.GET_RSS_DATA:DEBUG=>Из файла /home/fedorov/mypy/dataeng/fin-prj-01/data/regnum.ru|rss/1672120674.json получили таблицу, кол-во строк 100.<=2985732640.py->feedfile_to_pandas[27]
2022-12-27 12:10:05,983:DEBUG.GET_RSS_DATA:DEBUG=>Таблица для файла:1672120674.json, строк:100, нач.:Tue, 27 Dec 2022 05:48:00 GMT GT: РФ показывает си, кон.:Mon, 26 Dec 2022 17:48:00 GMT Саакашвили выдвинул <=1275801481.py->join_all_feedfiles[21]
2022-12-27 12:10:05,984:DEBUG.GET_RSS_DATA:DEBUG=>Сформировали сводную таблицу для файлов в /home/fedorov/mypy/dataeng/fin-prj-01/data/regnum.ru|rss. Кол-во строк: 100<=1275801481.py->join_all_feedfiles[29]
2022-12-27 12:10:05,988:DEBUG.GET_RSS_DATA:DEBUG=>После удаления дубликатов: кол-во строк: 100<=1275801481.py->join_all_feedfiles[31]
2022-12-27 12:10:28,341:DEBUG.GET_RSS_DATA:DEBUG=>Прочитали директорию /home/fedorov/mypy/dataeng/fin-prj-01/data/regnum.ru|rss. Кол-во файлов: 6. Список: ['1672126340.json', '1672120674.json', '1672082928.json', '1672080992.json', '1672080888.json', '1672080854.json']<=3808909702.py->join_all_feedfiles[10]
2022-12-27 12:10:28,347:DEBUG.GET_RSS_DATA:DEBUG=>Прочитали содержимое файла /home/fedorov/mypy/dataeng/fin-prj-01/data/regnum.ru|rss/1672126340.json. Кол-во записей: 100<=2985732640.py->feedfile_to_pandas[19]
2022-12-27 12:10:28,353:DEBUG.GET_RSS_DATA:DEBUG=>Из файла /home/fedorov/mypy/dataeng/fin-prj-01/data/regnum.ru|rss/1672126340.json получили таблицу, кол-во строк 100.<=2985732640.py->feedfile_to_pandas[27]
2022-12-27 12:10:28,355:DEBUG.GET_RSS_DATA:DEBUG=>Таблица для файла:1672126340.json, строк:100, нач.:Tue, 27 Dec 2022 07:26:00 GMT В Макеевке задержаны, кон.:Mon, 26 Dec 2022 14:14:00 GMT Жительницу Екатеринб<=3808909702.py->join_all_feedfiles[21]
2022-12-27 12:10:28,359:DEBUG.GET_RSS_DATA:DEBUG=>Прочитали содержимое файла /home/fedorov/mypy/dataeng/fin-prj-01/data/regnum.ru|rss/1672120674.json. Кол-во записей: 100<=2985732640.py->feedfile_to_pandas[19]
2022-12-27 12:10:28,362:DEBUG.GET_RSS_DATA:DEBUG=>Из файла /home/fedorov/mypy/dataeng/fin-prj-01/data/regnum.ru|rss/1672120674.json получили таблицу, кол-во строк 100.<=2985732640.py->feedfile_to_pandas[27]
2022-12-27 12:10:28,364:DEBUG.GET_RSS_DATA:DEBUG=>Таблица для файла:1672120674.json, строк:100, нач.:Tue, 27 Dec 2022 05:48:00 GMT GT: РФ показывает си, кон.:Mon, 26 Dec 2022 17:48:00 GMT Саакашвили выдвинул <=3808909702.py->join_all_feedfiles[21]
2022-12-27 12:10:28,403:DEBUG.GET_RSS_DATA:DEBUG=>Прочитали содержимое файла /home/fedorov/mypy/dataeng/fin-prj-01/data/regnum.ru|rss/1672082928.json. Кол-во записей: 100<=2985732640.py->feedfile_to_pandas[19]
2022-12-27 12:10:28,406:DEBUG.GET_RSS_DATA:DEBUG=>Из файла /home/fedorov/mypy/dataeng/fin-prj-01/data/regnum.ru|rss/1672082928.json получили таблицу, кол-во строк 100.<=2985732640.py->feedfile_to_pandas[27]
2022-12-27 12:10:28,409:DEBUG.GET_RSS_DATA:DEBUG=>Таблица для файла:1672082928.json, строк:100, нач.:Mon, 26 Dec 2022 19:19:19 GMT Корпорация Hitachi п, кон.: Mon, 26 Dec 2022 13:25:37 GMT Ватикан стал боятьс<=3808909702.py->join_all_feedfiles[21]
2022-12-27 12:10:28,442:DEBUG.GET_RSS_DATA:DEBUG=>Прочитали содержимое файла /home/fedorov/mypy/dataeng/fin-prj-01/data/regnum.ru|rss/1672080992.json. Кол-во записей: 100<=2985732640.py->feedfile_to_pandas[19]
2022-12-27 12:10:28,447:DEBUG.GET_RSS_DATA:DEBUG=>Из файла /home/fedorov/mypy/dataeng/fin-prj-01/data/regnum.ru|rss/1672080992.json получили таблицу, кол-во строк 100.<=2985732640.py->feedfile_to_pandas[27]
2022-12-27 12:10:28,451:DEBUG.GET_RSS_DATA:DEBUG=>Таблица для файла:1672080992.json, строк:100, нач.:Mon, 26 Dec 2022 18:54:46 GMT В Иране из-за взрыва, кон.:Mon, 26 Dec 2022 13:18:00 GMT Дело о дискредитации<=3808909702.py->join_all_feedfiles[21]
2022-12-27 12:10:28,477:DEBUG.GET_RSS_DATA:DEBUG=>Прочитали содержимое файла /home/fedorov/mypy/dataeng/fin-prj-01/data/regnum.ru|rss/1672080888.json. Кол-во записей: 100<=2985732640.py->feedfile_to_pandas[19]
2022-12-27 12:10:28,481:DEBUG.GET_RSS_DATA:DEBUG=>Из файла /home/fedorov/mypy/dataeng/fin-prj-01/data/regnum.ru|rss/1672080888.json получили таблицу, кол-во строк 100.<=2985732640.py->feedfile_to_pandas[27]
2022-12-27 12:10:28,484:DEBUG.GET_RSS_DATA:DEBUG=>Таблица для файла:1672080888.json, строк:100, нач.:Mon, 26 Dec 2022 18:43:00 GMT В Воронежской област, кон.:Mon, 26 Dec 2022 13:09:00 GMT Путин поздравил наро<=3808909702.py->join_all_feedfiles[21]
2022-12-27 12:10:28,499:DEBUG.GET_RSS_DATA:DEBUG=>Прочитали содержимое файла /home/fedorov/mypy/dataeng/fin-prj-01/data/regnum.ru|rss/1672080854.json. Кол-во записей: 100<=2985732640.py->feedfile_to_pandas[19]
2022-12-27 12:10:28,504:DEBUG.GET_RSS_DATA:DEBUG=>Из файла /home/fedorov/mypy/dataeng/fin-prj-01/data/regnum.ru|rss/1672080854.json получили таблицу, кол-во строк 100.<=2985732640.py->feedfile_to_pandas[27]
2022-12-27 12:10:28,509:DEBUG.GET_RSS_DATA:DEBUG=>Таблица для файла:1672080854.json, строк:100, нач.:Mon, 26 Dec 2022 18:43:00 GMT В Воронежской област, кон.:Mon, 26 Dec 2022 13:09:00 GMT Путин поздравил наро<=3808909702.py->join_all_feedfiles[21]
2022-12-27 12:10:28,510:DEBUG.GET_RSS_DATA:DEBUG=>Сформировали сводную таблицу для файлов в /home/fedorov/mypy/dataeng/fin-prj-01/data/regnum.ru|rss. Кол-во строк: 100<=3808909702.py->join_all_feedfiles[29]
2022-12-27 12:10:28,515:DEBUG.GET_RSS_DATA:DEBUG=>После удаления дубликатов: кол-во строк: 100<=3808909702.py->join_all_feedfiles[31]
2022-12-27 12:15:20,894:DEBUG.GET_RSS_DATA:DEBUG=>Прочитали директорию /home/fedorov/mypy/dataeng/fin-prj-01/data/regnum.ru|rss. Кол-во файлов: 6. Список: ['1672126340.json', '1672120674.json', '1672082928.json', '1672080992.json', '1672080888.json', '1672080854.json']<=1839586881.py->join_all_feedfiles[10]
2022-12-27 12:15:20,901:DEBUG.GET_RSS_DATA:DEBUG=>Прочитали содержимое файла /home/fedorov/mypy/dataeng/fin-prj-01/data/regnum.ru|rss/1672126340.json. Кол-во записей: 100<=1367093449.py->feedfile_to_pandas[19]
2022-12-27 12:15:20,905:DEBUG.GET_RSS_DATA:DEBUG=>Из файла /home/fedorov/mypy/dataeng/fin-prj-01/data/regnum.ru|rss/1672126340.json получили таблицу, кол-во строк 100.<=1367093449.py->feedfile_to_pandas[27]
2022-12-27 12:15:20,907:DEBUG.GET_RSS_DATA:DEBUG=>Таблица для файла:1672126340.json, строк:100, нач.:Tue, 27 Dec 2022 07:26:00 GMT В Макеевке задержаны, кон.:Mon, 26 Dec 2022 14:14:00 GMT Жительницу Екатеринб<=1839586881.py->join_all_feedfiles[21]
2022-12-27 12:15:20,908:DEBUG.GET_RSS_DATA:DEBUG=>Начальная инициализация пустой таблицы<=1839586881.py->join_all_feedfiles[25]
2022-12-27 12:15:20,912:DEBUG.GET_RSS_DATA:DEBUG=>Прочитали содержимое файла /home/fedorov/mypy/dataeng/fin-prj-01/data/regnum.ru|rss/1672120674.json. Кол-во записей: 100<=1367093449.py->feedfile_to_pandas[19]
2022-12-27 12:15:20,915:DEBUG.GET_RSS_DATA:DEBUG=>Из файла /home/fedorov/mypy/dataeng/fin-prj-01/data/regnum.ru|rss/1672120674.json получили таблицу, кол-во строк 100.<=1367093449.py->feedfile_to_pandas[27]
2022-12-27 12:15:20,918:DEBUG.GET_RSS_DATA:DEBUG=>Таблица для файла:1672120674.json, строк:100, нач.:Tue, 27 Dec 2022 05:48:00 GMT GT: РФ показывает си, кон.:Mon, 26 Dec 2022 17:48:00 GMT Саакашвили выдвинул <=1839586881.py->join_all_feedfiles[21]
2022-12-27 12:15:20,921:DEBUG.GET_RSS_DATA:DEBUG=>Прочитали содержимое файла /home/fedorov/mypy/dataeng/fin-prj-01/data/regnum.ru|rss/1672082928.json. Кол-во записей: 100<=1367093449.py->feedfile_to_pandas[19]
2022-12-27 12:15:20,924:DEBUG.GET_RSS_DATA:DEBUG=>Из файла /home/fedorov/mypy/dataeng/fin-prj-01/data/regnum.ru|rss/1672082928.json получили таблицу, кол-во строк 100.<=1367093449.py->feedfile_to_pandas[27]
2022-12-27 12:15:20,927:DEBUG.GET_RSS_DATA:DEBUG=>Таблица для файла:1672082928.json, строк:100, нач.:Mon, 26 Dec 2022 19:19:19 GMT Корпорация Hitachi п, кон.: Mon, 26 Dec 2022 13:25:37 GMT Ватикан стал боятьс<=1839586881.py->join_all_feedfiles[21]
2022-12-27 12:15:20,931:DEBUG.GET_RSS_DATA:DEBUG=>Прочитали содержимое файла /home/fedorov/mypy/dataeng/fin-prj-01/data/regnum.ru|rss/1672080992.json. Кол-во записей: 100<=1367093449.py->feedfile_to_pandas[19]
2022-12-27 12:15:20,934:DEBUG.GET_RSS_DATA:DEBUG=>Из файла /home/fedorov/mypy/dataeng/fin-prj-01/data/regnum.ru|rss/1672080992.json получили таблицу, кол-во строк 100.<=1367093449.py->feedfile_to_pandas[27]
2022-12-27 12:15:20,936:DEBUG.GET_RSS_DATA:DEBUG=>Таблица для файла:1672080992.json, строк:100, нач.:Mon, 26 Dec 2022 18:54:46 GMT В Иране из-за взрыва, кон.:Mon, 26 Dec 2022 13:18:00 GMT Дело о дискредитации<=1839586881.py->join_all_feedfiles[21]
2022-12-27 12:15:20,940:DEBUG.GET_RSS_DATA:DEBUG=>Прочитали содержимое файла /home/fedorov/mypy/dataeng/fin-prj-01/data/regnum.ru|rss/1672080888.json. Кол-во записей: 100<=1367093449.py->feedfile_to_pandas[19]
2022-12-27 12:15:20,943:DEBUG.GET_RSS_DATA:DEBUG=>Из файла /home/fedorov/mypy/dataeng/fin-prj-01/data/regnum.ru|rss/1672080888.json получили таблицу, кол-во строк 100.<=1367093449.py->feedfile_to_pandas[27]
2022-12-27 12:15:20,946:DEBUG.GET_RSS_DATA:DEBUG=>Таблица для файла:1672080888.json, строк:100, нач.:Mon, 26 Dec 2022 18:43:00 GMT В Воронежской област, кон.:Mon, 26 Dec 2022 13:09:00 GMT Путин поздравил наро<=1839586881.py->join_all_feedfiles[21]
2022-12-27 12:15:20,949:DEBUG.GET_RSS_DATA:DEBUG=>Прочитали содержимое файла /home/fedorov/mypy/dataeng/fin-prj-01/data/regnum.ru|rss/1672080854.json. Кол-во записей: 100<=1367093449.py->feedfile_to_pandas[19]
2022-12-27 12:15:20,953:DEBUG.GET_RSS_DATA:DEBUG=>Из файла /home/fedorov/mypy/dataeng/fin-prj-01/data/regnum.ru|rss/1672080854.json получили таблицу, кол-во строк 100.<=1367093449.py->feedfile_to_pandas[27]
2022-12-27 12:15:20,956:DEBUG.GET_RSS_DATA:DEBUG=>Таблица для файла:1672080854.json, строк:100, нач.:Mon, 26 Dec 2022 18:43:00 GMT В Воронежской област, кон.:Mon, 26 Dec 2022 13:09:00 GMT Путин поздравил наро<=1839586881.py->join_all_feedfiles[21]
2022-12-27 12:15:20,958:DEBUG.GET_RSS_DATA:DEBUG=>Сформировали сводную таблицу для файлов в /home/fedorov/mypy/dataeng/fin-prj-01/data/regnum.ru|rss. Кол-во строк: 100<=1839586881.py->join_all_feedfiles[31]
2022-12-27 12:15:20,961:DEBUG.GET_RSS_DATA:DEBUG=>После удаления дубликатов: кол-во строк: 100<=1839586881.py->join_all_feedfiles[33]
2022-12-27 12:16:18,936:DEBUG.GET_RSS_DATA:DEBUG=>Прочитали директорию /home/fedorov/mypy/dataeng/fin-prj-01/data/regnum.ru|rss. Кол-во файлов: 6. Список: ['1672126340.json', '1672120674.json', '1672082928.json', '1672080992.json', '1672080888.json', '1672080854.json']<=2340150434.py->join_all_feedfiles[10]
2022-12-27 12:16:18,949:DEBUG.GET_RSS_DATA:DEBUG=>Прочитали содержимое файла /home/fedorov/mypy/dataeng/fin-prj-01/data/regnum.ru|rss/1672126340.json. Кол-во записей: 100<=1367093449.py->feedfile_to_pandas[19]
2022-12-27 12:16:18,953:DEBUG.GET_RSS_DATA:DEBUG=>Из файла /home/fedorov/mypy/dataeng/fin-prj-01/data/regnum.ru|rss/1672126340.json получили таблицу, кол-во строк 100.<=1367093449.py->feedfile_to_pandas[27]
2022-12-27 12:16:18,957:DEBUG.GET_RSS_DATA:DEBUG=>Таблица для файла:1672126340.json, строк:100, нач.:Tue, 27 Dec 2022 07:26:00 GMT В Макеевке задержаны, кон.:Mon, 26 Dec 2022 14:14:00 GMT Жительницу Екатеринб<=2340150434.py->join_all_feedfiles[21]
2022-12-27 12:16:18,958:DEBUG.GET_RSS_DATA:DEBUG=>Начальная инициализация пустой таблицы<=2340150434.py->join_all_feedfiles[25]
2022-12-27 12:16:18,962:DEBUG.GET_RSS_DATA:DEBUG=>Прочитали содержимое файла /home/fedorov/mypy/dataeng/fin-prj-01/data/regnum.ru|rss/1672120674.json. Кол-во записей: 100<=1367093449.py->feedfile_to_pandas[19]
2022-12-27 12:16:18,966:DEBUG.GET_RSS_DATA:DEBUG=>Из файла /home/fedorov/mypy/dataeng/fin-prj-01/data/regnum.ru|rss/1672120674.json получили таблицу, кол-во строк 100.<=1367093449.py->feedfile_to_pandas[27]
2022-12-27 12:16:18,969:DEBUG.GET_RSS_DATA:DEBUG=>Таблица для файла:1672120674.json, строк:100, нач.:Tue, 27 Dec 2022 05:48:00 GMT GT: РФ показывает си, кон.:Mon, 26 Dec 2022 17:48:00 GMT Саакашвили выдвинул <=2340150434.py->join_all_feedfiles[21]
2022-12-27 12:17:09,489:DEBUG.GET_RSS_DATA:DEBUG=>Прочитали директорию /home/fedorov/mypy/dataeng/fin-prj-01/data/regnum.ru|rss. Кол-во файлов: 6. Список: ['1672126340.json', '1672120674.json', '1672082928.json', '1672080992.json', '1672080888.json', '1672080854.json']<=1974835513.py->join_all_feedfiles[10]
2022-12-27 12:17:09,498:DEBUG.GET_RSS_DATA:DEBUG=>Прочитали содержимое файла /home/fedorov/mypy/dataeng/fin-prj-01/data/regnum.ru|rss/1672126340.json. Кол-во записей: 100<=1367093449.py->feedfile_to_pandas[19]
2022-12-27 12:17:09,504:DEBUG.GET_RSS_DATA:DEBUG=>Из файла /home/fedorov/mypy/dataeng/fin-prj-01/data/regnum.ru|rss/1672126340.json получили таблицу, кол-во строк 100.<=1367093449.py->feedfile_to_pandas[27]
2022-12-27 12:17:09,508:DEBUG.GET_RSS_DATA:DEBUG=>Таблица для файла:1672126340.json, строк:100, нач.:Tue, 27 Dec 2022 07:26:00 GMT В Макеевке задержаны, кон.:Mon, 26 Dec 2022 14:14:00 GMT Жительницу Екатеринб<=1974835513.py->join_all_feedfiles[21]
2022-12-27 12:17:23,364:DEBUG.GET_RSS_DATA:DEBUG=>Прочитали директорию /home/fedorov/mypy/dataeng/fin-prj-01/data/regnum.ru|rss. Кол-во файлов: 6. Список: ['1672126340.json', '1672120674.json', '1672082928.json', '1672080992.json', '1672080888.json', '1672080854.json']<=2714486581.py->join_all_feedfiles[10]
2022-12-27 12:17:23,374:DEBUG.GET_RSS_DATA:DEBUG=>Прочитали содержимое файла /home/fedorov/mypy/dataeng/fin-prj-01/data/regnum.ru|rss/1672126340.json. Кол-во записей: 100<=1367093449.py->feedfile_to_pandas[19]
2022-12-27 12:17:23,377:DEBUG.GET_RSS_DATA:DEBUG=>Из файла /home/fedorov/mypy/dataeng/fin-prj-01/data/regnum.ru|rss/1672126340.json получили таблицу, кол-во строк 100.<=1367093449.py->feedfile_to_pandas[27]
2022-12-27 12:17:23,382:DEBUG.GET_RSS_DATA:DEBUG=>Таблица для файла:1672126340.json, строк:100, нач.:Tue, 27 Dec 2022 07:26:00 GMT В Макеевке задержаны, кон.:Mon, 26 Dec 2022 14:14:00 GMT Жительницу Екатеринб<=2714486581.py->join_all_feedfiles[21]
2022-12-27 12:17:23,383:DEBUG.GET_RSS_DATA:DEBUG=>Начальная инициализация пустой таблицы<=2714486581.py->join_all_feedfiles[25]
2022-12-27 12:17:23,388:DEBUG.GET_RSS_DATA:DEBUG=>Прочитали содержимое файла /home/fedorov/mypy/dataeng/fin-prj-01/data/regnum.ru|rss/1672120674.json. Кол-во записей: 100<=1367093449.py->feedfile_to_pandas[19]
2022-12-27 12:17:23,391:DEBUG.GET_RSS_DATA:DEBUG=>Из файла /home/fedorov/mypy/dataeng/fin-prj-01/data/regnum.ru|rss/1672120674.json получили таблицу, кол-во строк 100.<=1367093449.py->feedfile_to_pandas[27]
2022-12-27 12:17:23,394:DEBUG.GET_RSS_DATA:DEBUG=>Таблица для файла:1672120674.json, строк:100, нач.:Tue, 27 Dec 2022 05:48:00 GMT GT: РФ показывает си, кон.:Mon, 26 Dec 2022 17:48:00 GMT Саакашвили выдвинул <=2714486581.py->join_all_feedfiles[21]
2022-12-27 12:17:23,398:DEBUG.GET_RSS_DATA:DEBUG=>Прочитали содержимое файла /home/fedorov/mypy/dataeng/fin-prj-01/data/regnum.ru|rss/1672082928.json. Кол-во записей: 100<=1367093449.py->feedfile_to_pandas[19]
2022-12-27 12:17:23,401:DEBUG.GET_RSS_DATA:DEBUG=>Из файла /home/fedorov/mypy/dataeng/fin-prj-01/data/regnum.ru|rss/1672082928.json получили таблицу, кол-во строк 100.<=1367093449.py->feedfile_to_pandas[27]
2022-12-27 12:17:23,404:DEBUG.GET_RSS_DATA:DEBUG=>Таблица для файла:1672082928.json, строк:100, нач.:Mon, 26 Dec 2022 19:19:19 GMT Корпорация Hitachi п, кон.: Mon, 26 Dec 2022 13:25:37 GMT Ватикан стал боятьс<=2714486581.py->join_all_feedfiles[21]
2022-12-27 12:17:23,409:DEBUG.GET_RSS_DATA:DEBUG=>Прочитали содержимое файла /home/fedorov/mypy/dataeng/fin-prj-01/data/regnum.ru|rss/1672080992.json. Кол-во записей: 100<=1367093449.py->feedfile_to_pandas[19]
2022-12-27 12:17:23,411:DEBUG.GET_RSS_DATA:DEBUG=>Из файла /home/fedorov/mypy/dataeng/fin-prj-01/data/regnum.ru|rss/1672080992.json получили таблицу, кол-во строк 100.<=1367093449.py->feedfile_to_pandas[27]
2022-12-27 12:17:23,415:DEBUG.GET_RSS_DATA:DEBUG=>Таблица для файла:1672080992.json, строк:100, нач.:Mon, 26 Dec 2022 18:54:46 GMT В Иране из-за взрыва, кон.:Mon, 26 Dec 2022 13:18:00 GMT Дело о дискредитации<=2714486581.py->join_all_feedfiles[21]
2022-12-27 12:17:23,419:DEBUG.GET_RSS_DATA:DEBUG=>Прочитали содержимое файла /home/fedorov/mypy/dataeng/fin-prj-01/data/regnum.ru|rss/1672080888.json. Кол-во записей: 100<=1367093449.py->feedfile_to_pandas[19]
2022-12-27 12:17:23,422:DEBUG.GET_RSS_DATA:DEBUG=>Из файла /home/fedorov/mypy/dataeng/fin-prj-01/data/regnum.ru|rss/1672080888.json получили таблицу, кол-во строк 100.<=1367093449.py->feedfile_to_pandas[27]
2022-12-27 12:17:23,425:DEBUG.GET_RSS_DATA:DEBUG=>Таблица для файла:1672080888.json, строк:100, нач.:Mon, 26 Dec 2022 18:43:00 GMT В Воронежской област, кон.:Mon, 26 Dec 2022 13:09:00 GMT Путин поздравил наро<=2714486581.py->join_all_feedfiles[21]
2022-12-27 12:17:23,430:DEBUG.GET_RSS_DATA:DEBUG=>Прочитали содержимое файла /home/fedorov/mypy/dataeng/fin-prj-01/data/regnum.ru|rss/1672080854.json. Кол-во записей: 100<=1367093449.py->feedfile_to_pandas[19]
2022-12-27 12:17:23,433:DEBUG.GET_RSS_DATA:DEBUG=>Из файла /home/fedorov/mypy/dataeng/fin-prj-01/data/regnum.ru|rss/1672080854.json получили таблицу, кол-во строк 100.<=1367093449.py->feedfile_to_pandas[27]
2022-12-27 12:17:23,436:DEBUG.GET_RSS_DATA:DEBUG=>Таблица для файла:1672080854.json, строк:100, нач.:Mon, 26 Dec 2022 18:43:00 GMT В Воронежской област, кон.:Mon, 26 Dec 2022 13:09:00 GMT Путин поздравил наро<=2714486581.py->join_all_feedfiles[21]
2022-12-27 12:17:23,437:DEBUG.GET_RSS_DATA:DEBUG=>Сформировали сводную таблицу для файлов в /home/fedorov/mypy/dataeng/fin-prj-01/data/regnum.ru|rss. Кол-во строк: 100<=2714486581.py->join_all_feedfiles[31]
2022-12-27 12:17:23,441:DEBUG.GET_RSS_DATA:DEBUG=>После удаления дубликатов: кол-во строк: 100<=2714486581.py->join_all_feedfiles[33]
2022-12-27 12:18:31,559:DEBUG.GET_RSS_DATA:DEBUG=>Прочитали директорию /home/fedorov/mypy/dataeng/fin-prj-01/data/regnum.ru|rss. Кол-во файлов: 6. Список: ['1672126340.json', '1672120674.json', '1672082928.json', '1672080992.json', '1672080888.json', '1672080854.json']<=939642958.py->join_all_feedfiles[10]
2022-12-27 12:18:31,568:DEBUG.GET_RSS_DATA:DEBUG=>Прочитали содержимое файла /home/fedorov/mypy/dataeng/fin-prj-01/data/regnum.ru|rss/1672126340.json. Кол-во записей: 100<=1367093449.py->feedfile_to_pandas[19]
2022-12-27 12:18:31,574:DEBUG.GET_RSS_DATA:DEBUG=>Из файла /home/fedorov/mypy/dataeng/fin-prj-01/data/regnum.ru|rss/1672126340.json получили таблицу, кол-во строк 100.<=1367093449.py->feedfile_to_pandas[27]
2022-12-27 12:18:31,577:DEBUG.GET_RSS_DATA:DEBUG=>Таблица для файла:1672126340.json, строк:100, нач.:Tue, 27 Dec 2022 07:26:00 GMT В Макеевке задержаны, кон.:Mon, 26 Dec 2022 14:14:00 GMT Жительницу Екатеринб<=939642958.py->join_all_feedfiles[21]
2022-12-27 12:18:31,578:DEBUG.GET_RSS_DATA:DEBUG=>Начальная инициализация пустой таблицы<=939642958.py->join_all_feedfiles[25]
2022-12-27 12:18:31,583:DEBUG.GET_RSS_DATA:DEBUG=>Прочитали содержимое файла /home/fedorov/mypy/dataeng/fin-prj-01/data/regnum.ru|rss/1672120674.json. Кол-во записей: 100<=1367093449.py->feedfile_to_pandas[19]
2022-12-27 12:18:31,587:DEBUG.GET_RSS_DATA:DEBUG=>Из файла /home/fedorov/mypy/dataeng/fin-prj-01/data/regnum.ru|rss/1672120674.json получили таблицу, кол-во строк 100.<=1367093449.py->feedfile_to_pandas[27]
2022-12-27 12:18:31,591:DEBUG.GET_RSS_DATA:DEBUG=>Таблица для файла:1672120674.json, строк:100, нач.:Tue, 27 Dec 2022 05:48:00 GMT GT: РФ показывает си, кон.:Mon, 26 Dec 2022 17:48:00 GMT Саакашвили выдвинул <=939642958.py->join_all_feedfiles[21]
2022-12-27 12:18:31,596:DEBUG.GET_RSS_DATA:DEBUG=>Прочитали содержимое файла /home/fedorov/mypy/dataeng/fin-prj-01/data/regnum.ru|rss/1672082928.json. Кол-во записей: 100<=1367093449.py->feedfile_to_pandas[19]
2022-12-27 12:18:31,598:DEBUG.GET_RSS_DATA:DEBUG=>Из файла /home/fedorov/mypy/dataeng/fin-prj-01/data/regnum.ru|rss/1672082928.json получили таблицу, кол-во строк 100.<=1367093449.py->feedfile_to_pandas[27]
2022-12-27 12:18:31,603:DEBUG.GET_RSS_DATA:DEBUG=>Таблица для файла:1672082928.json, строк:100, нач.:Mon, 26 Dec 2022 19:19:19 GMT Корпорация Hitachi п, кон.: Mon, 26 Dec 2022 13:25:37 GMT Ватикан стал боятьс<=939642958.py->join_all_feedfiles[21]
2022-12-27 12:18:31,607:DEBUG.GET_RSS_DATA:DEBUG=>Прочитали содержимое файла /home/fedorov/mypy/dataeng/fin-prj-01/data/regnum.ru|rss/1672080992.json. Кол-во записей: 100<=1367093449.py->feedfile_to_pandas[19]
2022-12-27 12:18:31,610:DEBUG.GET_RSS_DATA:DEBUG=>Из файла /home/fedorov/mypy/dataeng/fin-prj-01/data/regnum.ru|rss/1672080992.json получили таблицу, кол-во строк 100.<=1367093449.py->feedfile_to_pandas[27]
2022-12-27 12:18:31,614:DEBUG.GET_RSS_DATA:DEBUG=>Таблица для файла:1672080992.json, строк:100, нач.:Mon, 26 Dec 2022 18:54:46 GMT В Иране из-за взрыва, кон.:Mon, 26 Dec 2022 13:18:00 GMT Дело о дискредитации<=939642958.py->join_all_feedfiles[21]
2022-12-27 12:18:31,619:DEBUG.GET_RSS_DATA:DEBUG=>Прочитали содержимое файла /home/fedorov/mypy/dataeng/fin-prj-01/data/regnum.ru|rss/1672080888.json. Кол-во записей: 100<=1367093449.py->feedfile_to_pandas[19]
2022-12-27 12:18:31,622:DEBUG.GET_RSS_DATA:DEBUG=>Из файла /home/fedorov/mypy/dataeng/fin-prj-01/data/regnum.ru|rss/1672080888.json получили таблицу, кол-во строк 100.<=1367093449.py->feedfile_to_pandas[27]
2022-12-27 12:18:31,626:DEBUG.GET_RSS_DATA:DEBUG=>Таблица для файла:1672080888.json, строк:100, нач.:Mon, 26 Dec 2022 18:43:00 GMT В Воронежской област, кон.:Mon, 26 Dec 2022 13:09:00 GMT Путин поздравил наро<=939642958.py->join_all_feedfiles[21]
2022-12-27 12:18:31,630:DEBUG.GET_RSS_DATA:DEBUG=>Прочитали содержимое файла /home/fedorov/mypy/dataeng/fin-prj-01/data/regnum.ru|rss/1672080854.json. Кол-во записей: 100<=1367093449.py->feedfile_to_pandas[19]
2022-12-27 12:18:31,633:DEBUG.GET_RSS_DATA:DEBUG=>Из файла /home/fedorov/mypy/dataeng/fin-prj-01/data/regnum.ru|rss/1672080854.json получили таблицу, кол-во строк 100.<=1367093449.py->feedfile_to_pandas[27]
2022-12-27 12:18:31,637:DEBUG.GET_RSS_DATA:DEBUG=>Таблица для файла:1672080854.json, строк:100, нач.:Mon, 26 Dec 2022 18:43:00 GMT В Воронежской област, кон.:Mon, 26 Dec 2022 13:09:00 GMT Путин поздравил наро<=939642958.py->join_all_feedfiles[21]
2022-12-27 12:18:31,638:DEBUG.GET_RSS_DATA:DEBUG=>Сформировали сводную таблицу для файлов в /home/fedorov/mypy/dataeng/fin-prj-01/data/regnum.ru|rss. Кол-во строк: 700<=939642958.py->join_all_feedfiles[31]
2022-12-27 12:18:31,646:DEBUG.GET_RSS_DATA:DEBUG=>После удаления дубликатов: кол-во строк: 213<=939642958.py->join_all_feedfiles[33]
