/home/fedorov/anaconda3/envs/newconda/lib/python3.10/site-packages/bs4/__init__.py:435: MarkupResemblesLocatorWarning: The input looks more like a filename than markup. You may want to open this file and pass the filehandle into Beautiful Soup.
  warnings.warn(
/home/fedorov/anaconda3/envs/newconda/lib/python3.10/site-packages/bs4/__init__.py:435: MarkupResemblesLocatorWarning: The input looks more like a filename than markup. You may want to open this file and pass the filehandle into Beautiful Soup.
  warnings.warn(
/home/fedorov/anaconda3/envs/newconda/lib/python3.10/site-packages/bs4/__init__.py:435: MarkupResemblesLocatorWarning: The input looks more like a filename than markup. You may want to open this file and pass the filehandle into Beautiful Soup.
  warnings.warn(
/home/fedorov/anaconda3/envs/newconda/lib/python3.10/site-packages/bs4/__init__.py:435: MarkupResemblesLocatorWarning: The input looks more like a filename than markup. You may want to open this file and pass the filehandle into Beautiful Soup.
  warnings.warn(
/home/fedorov/anaconda3/envs/newconda/lib/python3.10/site-packages/bs4/__init__.py:435: MarkupResemblesLocatorWarning: The input looks more like a filename than markup. You may want to open this file and pass the filehandle into Beautiful Soup.
  warnings.warn(
/home/fedorov/anaconda3/envs/newconda/lib/python3.10/site-packages/bs4/__init__.py:435: MarkupResemblesLocatorWarning: The input looks more like a filename than markup. You may want to open this file and pass the filehandle into Beautiful Soup.
  warnings.warn(
/home/fedorov/anaconda3/envs/newconda/lib/python3.10/site-packages/bs4/__init__.py:435: MarkupResemblesLocatorWarning: The input looks more like a filename than markup. You may want to open this file and pass the filehandle into Beautiful Soup.
  warnings.warn(
/home/fedorov/anaconda3/envs/newconda/lib/python3.10/site-packages/bs4/__init__.py:435: MarkupResemblesLocatorWarning: The input looks more like a filename than markup. You may want to open this file and pass the filehandle into Beautiful Soup.
  warnings.warn(
/home/fedorov/anaconda3/envs/newconda/lib/python3.10/site-packages/bs4/__init__.py:435: MarkupResemblesLocatorWarning: The input looks more like a filename than markup. You may want to open this file and pass the filehandle into Beautiful Soup.
  warnings.warn(
/home/fedorov/anaconda3/envs/newconda/lib/python3.10/site-packages/bs4/__init__.py:435: MarkupResemblesLocatorWarning: The input looks more like a filename than markup. You may want to open this file and pass the filehandle into Beautiful Soup.
  warnings.warn(
/home/fedorov/anaconda3/envs/newconda/lib/python3.10/site-packages/bs4/__init__.py:435: MarkupResemblesLocatorWarning: The input looks more like a filename than markup. You may want to open this file and pass the filehandle into Beautiful Soup.
  warnings.warn(
/home/fedorov/anaconda3/envs/newconda/lib/python3.10/site-packages/bs4/__init__.py:435: MarkupResemblesLocatorWarning: The input looks more like a filename than markup. You may want to open this file and pass the filehandle into Beautiful Soup.
  warnings.warn(
/home/fedorov/anaconda3/envs/newconda/lib/python3.10/site-packages/bs4/__init__.py:435: MarkupResemblesLocatorWarning: The input looks more like a filename than markup. You may want to open this file and pass the filehandle into Beautiful Soup.
  warnings.warn(
/home/fedorov/anaconda3/envs/newconda/lib/python3.10/site-packages/bs4/__init__.py:435: MarkupResemblesLocatorWarning: The input looks more like a filename than markup. You may want to open this file and pass the filehandle into Beautiful Soup.
  warnings.warn(
/home/fedorov/anaconda3/envs/newconda/lib/python3.10/site-packages/bs4/__init__.py:435: MarkupResemblesLocatorWarning: The input looks more like a filename than markup. You may want to open this file and pass the filehandle into Beautiful Soup.
  warnings.warn(
/home/fedorov/anaconda3/envs/newconda/lib/python3.10/site-packages/bs4/__init__.py:435: MarkupResemblesLocatorWarning: The input looks more like a filename than markup. You may want to open this file and pass the filehandle into Beautiful Soup.
  warnings.warn(
/home/fedorov/anaconda3/envs/newconda/lib/python3.10/site-packages/bs4/__init__.py:435: MarkupResemblesLocatorWarning: The input looks more like a filename than markup. You may want to open this file and pass the filehandle into Beautiful Soup.
  warnings.warn(
/home/fedorov/anaconda3/envs/newconda/lib/python3.10/site-packages/bs4/__init__.py:435: MarkupResemblesLocatorWarning: The input looks more like a filename than markup. You may want to open this file and pass the filehandle into Beautiful Soup.
  warnings.warn(
/home/fedorov/anaconda3/envs/newconda/lib/python3.10/site-packages/bs4/__init__.py:435: MarkupResemblesLocatorWarning: The input looks more like a filename than markup. You may want to open this file and pass the filehandle into Beautiful Soup.
  warnings.warn(
/home/fedorov/anaconda3/envs/newconda/lib/python3.10/site-packages/bs4/__init__.py:435: MarkupResemblesLocatorWarning: The input looks more like a filename than markup. You may want to open this file and pass the filehandle into Beautiful Soup.
  warnings.warn(
/home/fedorov/anaconda3/envs/newconda/lib/python3.10/site-packages/bs4/__init__.py:435: MarkupResemblesLocatorWarning: The input looks more like a filename than markup. You may want to open this file and pass the filehandle into Beautiful Soup.
  warnings.warn(
/home/fedorov/anaconda3/envs/newconda/lib/python3.10/site-packages/bs4/__init__.py:435: MarkupResemblesLocatorWarning: The input looks more like a filename than markup. You may want to open this file and pass the filehandle into Beautiful Soup.
  warnings.warn(
/home/fedorov/anaconda3/envs/newconda/lib/python3.10/site-packages/bs4/__init__.py:435: MarkupResemblesLocatorWarning: The input looks more like a filename than markup. You may want to open this file and pass the filehandle into Beautiful Soup.
  warnings.warn(
/home/fedorov/anaconda3/envs/newconda/lib/python3.10/site-packages/bs4/__init__.py:435: MarkupResemblesLocatorWarning: The input looks more like a filename than markup. You may want to open this file and pass the filehandle into Beautiful Soup.
  warnings.warn(
/home/fedorov/anaconda3/envs/newconda/lib/python3.10/site-packages/bs4/__init__.py:435: MarkupResemblesLocatorWarning: The input looks more like a filename than markup. You may want to open this file and pass the filehandle into Beautiful Soup.
  warnings.warn(
/home/fedorov/anaconda3/envs/newconda/lib/python3.10/site-packages/bs4/__init__.py:435: MarkupResemblesLocatorWarning: The input looks more like a filename than markup. You may want to open this file and pass the filehandle into Beautiful Soup.
  warnings.warn(
/home/fedorov/anaconda3/envs/newconda/lib/python3.10/site-packages/bs4/__init__.py:435: MarkupResemblesLocatorWarning: The input looks more like a filename than markup. You may want to open this file and pass the filehandle into Beautiful Soup.
  warnings.warn(
/home/fedorov/anaconda3/envs/newconda/lib/python3.10/site-packages/bs4/__init__.py:435: MarkupResemblesLocatorWarning: The input looks more like a filename than markup. You may want to open this file and pass the filehandle into Beautiful Soup.
  warnings.warn(
Traceback (most recent call last):
  File "<string>", line 1, in <module>
  File "/home/fedorov/mypy/dataeng/fin-prj-01/prod/my_rss_data.py", line 622, in cron
    get_all_rss_data()
  File "/home/fedorov/mypy/dataeng/fin-prj-01/prod/my_rss_data.py", line 288, in get_all_rss_data
    feed = get_rss(url)
  File "/home/fedorov/mypy/dataeng/fin-prj-01/prod/my_rss_data.py", line 208, in get_rss
    feed = parser.parse()
  File "/home/fedorov/anaconda3/envs/newconda/lib/python3.10/site-packages/rss_parser/_parser.py", line 88, in parse
    "title": main_soup.title.text,
AttributeError: 'NoneType' object has no attribute 'text'
/home/fedorov/anaconda3/envs/newconda/lib/python3.10/site-packages/bs4/__init__.py:435: MarkupResemblesLocatorWarning: The input looks more like a filename than markup. You may want to open this file and pass the filehandle into Beautiful Soup.
  warnings.warn(
/home/fedorov/anaconda3/envs/newconda/lib/python3.10/site-packages/bs4/__init__.py:435: MarkupResemblesLocatorWarning: The input looks more like a filename than markup. You may want to open this file and pass the filehandle into Beautiful Soup.
  warnings.warn(
/home/fedorov/anaconda3/envs/newconda/lib/python3.10/site-packages/bs4/__init__.py:435: MarkupResemblesLocatorWarning: The input looks more like a filename than markup. You may want to open this file and pass the filehandle into Beautiful Soup.
  warnings.warn(
/home/fedorov/anaconda3/envs/newconda/lib/python3.10/site-packages/bs4/__init__.py:435: MarkupResemblesLocatorWarning: The input looks more like a filename than markup. You may want to open this file and pass the filehandle into Beautiful Soup.
  warnings.warn(
/home/fedorov/anaconda3/envs/newconda/lib/python3.10/site-packages/bs4/__init__.py:435: MarkupResemblesLocatorWarning: The input looks more like a filename than markup. You may want to open this file and pass the filehandle into Beautiful Soup.
  warnings.warn(
/home/fedorov/anaconda3/envs/newconda/lib/python3.10/site-packages/bs4/__init__.py:435: MarkupResemblesLocatorWarning: The input looks more like a filename than markup. You may want to open this file and pass the filehandle into Beautiful Soup.
  warnings.warn(
/home/fedorov/anaconda3/envs/newconda/lib/python3.10/site-packages/bs4/__init__.py:435: MarkupResemblesLocatorWarning: The input looks more like a filename than markup. You may want to open this file and pass the filehandle into Beautiful Soup.
  warnings.warn(
/home/fedorov/anaconda3/envs/newconda/lib/python3.10/site-packages/bs4/__init__.py:435: MarkupResemblesLocatorWarning: The input looks more like a filename than markup. You may want to open this file and pass the filehandle into Beautiful Soup.
  warnings.warn(
/home/fedorov/anaconda3/envs/newconda/lib/python3.10/site-packages/bs4/__init__.py:435: MarkupResemblesLocatorWarning: The input looks more like a filename than markup. You may want to open this file and pass the filehandle into Beautiful Soup.
  warnings.warn(
/home/fedorov/anaconda3/envs/newconda/lib/python3.10/site-packages/bs4/__init__.py:435: MarkupResemblesLocatorWarning: The input looks more like a filename than markup. You may want to open this file and pass the filehandle into Beautiful Soup.
  warnings.warn(
/home/fedorov/anaconda3/envs/newconda/lib/python3.10/site-packages/bs4/__init__.py:435: MarkupResemblesLocatorWarning: The input looks more like a filename than markup. You may want to open this file and pass the filehandle into Beautiful Soup.
  warnings.warn(
/home/fedorov/anaconda3/envs/newconda/lib/python3.10/site-packages/bs4/__init__.py:435: MarkupResemblesLocatorWarning: The input looks more like a filename than markup. You may want to open this file and pass the filehandle into Beautiful Soup.
  warnings.warn(
/home/fedorov/anaconda3/envs/newconda/lib/python3.10/site-packages/bs4/__init__.py:435: MarkupResemblesLocatorWarning: The input looks more like a filename than markup. You may want to open this file and pass the filehandle into Beautiful Soup.
  warnings.warn(
/home/fedorov/anaconda3/envs/newconda/lib/python3.10/site-packages/bs4/__init__.py:435: MarkupResemblesLocatorWarning: The input looks more like a filename than markup. You may want to open this file and pass the filehandle into Beautiful Soup.
  warnings.warn(
/home/fedorov/anaconda3/envs/newconda/lib/python3.10/site-packages/bs4/__init__.py:435: MarkupResemblesLocatorWarning: The input looks more like a filename than markup. You may want to open this file and pass the filehandle into Beautiful Soup.
  warnings.warn(
/home/fedorov/anaconda3/envs/newconda/lib/python3.10/site-packages/bs4/__init__.py:435: MarkupResemblesLocatorWarning: The input looks more like a filename than markup. You may want to open this file and pass the filehandle into Beautiful Soup.
  warnings.warn(
/home/fedorov/anaconda3/envs/newconda/lib/python3.10/site-packages/bs4/__init__.py:435: MarkupResemblesLocatorWarning: The input looks more like a filename than markup. You may want to open this file and pass the filehandle into Beautiful Soup.
  warnings.warn(
/home/fedorov/anaconda3/envs/newconda/lib/python3.10/site-packages/bs4/__init__.py:435: MarkupResemblesLocatorWarning: The input looks more like a filename than markup. You may want to open this file and pass the filehandle into Beautiful Soup.
  warnings.warn(
/home/fedorov/anaconda3/envs/newconda/lib/python3.10/site-packages/bs4/__init__.py:435: MarkupResemblesLocatorWarning: The input looks more like a filename than markup. You may want to open this file and pass the filehandle into Beautiful Soup.
  warnings.warn(
/home/fedorov/anaconda3/envs/newconda/lib/python3.10/site-packages/bs4/__init__.py:435: MarkupResemblesLocatorWarning: The input looks more like a filename than markup. You may want to open this file and pass the filehandle into Beautiful Soup.
  warnings.warn(
