2023-01-03 21:08:32,820:INFO.MY_RSS_DATA:INFO=>=== Начало загрузки данных ===<=2773846537.py->get_all_rss_data[5]
2023-01-03 21:08:40,737:INFO.MY_RSS_DATA:INFO=>=== Данные загрузили. Кол-во источников 10 ===<=2773846537.py->get_all_rss_data[20]
2023-01-03 21:08:40,737:INFO.MY_RSS_DATA:INFO=>=== Запись свежих данных в SQL таблицы ===<=79031016.py->load_newest_feeddirs_directly_to_sql[4]
2023-01-03 21:08:42,279:INFO.MY_RSS_DATA:INFO=>=== Конец записи. Кол-ва записей в таблицах: {'lenta.ru|rss|': 11398, 'www.vedomosti.ru|rss|news': 8003, 'tass.ru|rss|v2.xml': 5532, 'ria.ru|export|rss2|archive|index.xml': 5572, 'www.kommersant.ru|RSS|news.xml': 13878, 'rossaprimavera.ru|rss': 2509, 'regnum.ru|rss': 5411, 'www.cnews.ru|inc|rss|news.xml': 3381, 'hibinform.ru|feed|': 80, 'habr.com|ru|rss|all|all|': 917} ===<=79031016.py->load_newest_feeddirs_directly_to_sql[16]
2023-01-04 00:15:06,506:INFO.MY_RSS_DATA:INFO=>=== Начало загрузки данных ===<=my_rss_data.py->get_all_rss_data[278]
2023-01-04 00:15:10,388:INFO.MY_RSS_DATA:INFO=>=== Данные загрузили. Кол-во источников 10 ===<=my_rss_data.py->get_all_rss_data[293]
2023-01-04 00:15:10,388:INFO.MY_RSS_DATA:INFO=>=== Запись свежих данных в SQL таблицы ===<=my_rss_data.py->load_newest_feeddirs_directly_to_sql[594]
2023-01-04 00:15:14,225:INFO.MY_RSS_DATA:INFO=>=== Конец записи. Кол-ва записей в таблицах: {'lenta.ru|rss|': 11598, 'www.vedomosti.ru|rss|news': 8203, 'tass.ru|rss|v2.xml': 5630, 'ria.ru|export|rss2|archive|index.xml': 5670, 'www.kommersant.ru|RSS|news.xml': 14029, 'rossaprimavera.ru|rss': 2558, 'regnum.ru|rss': 5511, 'www.cnews.ru|inc|rss|news.xml': 3381, 'hibinform.ru|feed|': 80, 'habr.com|ru|rss|all|all|': 937} ===<=my_rss_data.py->load_newest_feeddirs_directly_to_sql[606]
2023-01-04 04:15:10,153:INFO.MY_RSS_DATA:INFO=>=== Начало загрузки данных ===<=my_rss_data.py->get_all_rss_data[278]
2023-01-04 04:15:15,144:INFO.MY_RSS_DATA:INFO=>=== Данные загрузили. Кол-во источников 10 ===<=my_rss_data.py->get_all_rss_data[293]
2023-01-04 04:15:15,144:INFO.MY_RSS_DATA:INFO=>=== Запись свежих данных в SQL таблицы ===<=my_rss_data.py->load_newest_feeddirs_directly_to_sql[594]
2023-01-04 04:15:17,427:INFO.MY_RSS_DATA:INFO=>=== Конец записи. Кол-ва записей в таблицах: {'lenta.ru|rss|': 11798, 'www.vedomosti.ru|rss|news': 8203, 'tass.ru|rss|v2.xml': 5729, 'ria.ru|export|rss2|archive|index.xml': 5769, 'www.kommersant.ru|RSS|news.xml': 14190, 'rossaprimavera.ru|rss': 2596, 'regnum.ru|rss': 5611, 'www.cnews.ru|inc|rss|news.xml': 3381, 'hibinform.ru|feed|': 80, 'habr.com|ru|rss|all|all|': 957} ===<=my_rss_data.py->load_newest_feeddirs_directly_to_sql[606]
2023-01-04 08:15:10,110:INFO.MY_RSS_DATA:INFO=>=== Начало загрузки данных ===<=my_rss_data.py->get_all_rss_data[278]
2023-01-04 08:15:14,204:INFO.MY_RSS_DATA:INFO=>=== Данные загрузили. Кол-во источников 10 ===<=my_rss_data.py->get_all_rss_data[293]
2023-01-04 08:15:14,204:INFO.MY_RSS_DATA:INFO=>=== Запись свежих данных в SQL таблицы ===<=my_rss_data.py->load_newest_feeddirs_directly_to_sql[594]
2023-01-04 08:15:16,167:INFO.MY_RSS_DATA:INFO=>=== Конец записи. Кол-ва записей в таблицах: {'lenta.ru|rss|': 11998, 'www.vedomosti.ru|rss|news': 8203, 'tass.ru|rss|v2.xml': 5828, 'ria.ru|export|rss2|archive|index.xml': 5868, 'www.kommersant.ru|RSS|news.xml': 14363, 'rossaprimavera.ru|rss': 2629, 'regnum.ru|rss': 5711, 'www.cnews.ru|inc|rss|news.xml': 3381, 'hibinform.ru|feed|': 80, 'habr.com|ru|rss|all|all|': 959} ===<=my_rss_data.py->load_newest_feeddirs_directly_to_sql[606]
2023-01-04 12:15:07,325:INFO.MY_RSS_DATA:INFO=>=== Начало загрузки данных ===<=my_rss_data.py->get_all_rss_data[278]
2023-01-04 12:15:12,354:INFO.MY_RSS_DATA:INFO=>=== Данные загрузили. Кол-во источников 10 ===<=my_rss_data.py->get_all_rss_data[293]
2023-01-04 12:15:12,354:INFO.MY_RSS_DATA:INFO=>=== Запись свежих данных в SQL таблицы ===<=my_rss_data.py->load_newest_feeddirs_directly_to_sql[594]
2023-01-04 12:15:13,992:INFO.MY_RSS_DATA:INFO=>=== Конец записи. Кол-ва записей в таблицах: {'lenta.ru|rss|': 12198, 'www.vedomosti.ru|rss|news': 8403, 'tass.ru|rss|v2.xml': 5928, 'ria.ru|export|rss2|archive|index.xml': 5968, 'www.kommersant.ru|RSS|news.xml': 14549, 'rossaprimavera.ru|rss': 2664, 'regnum.ru|rss': 5811, 'www.cnews.ru|inc|rss|news.xml': 3581, 'hibinform.ru|feed|': 80, 'habr.com|ru|rss|all|all|': 979} ===<=my_rss_data.py->load_newest_feeddirs_directly_to_sql[606]
2023-01-04 16:15:09,788:INFO.MY_RSS_DATA:INFO=>=== Начало загрузки данных ===<=my_rss_data.py->get_all_rss_data[278]
2023-01-04 16:15:13,940:INFO.MY_RSS_DATA:INFO=>=== Данные загрузили. Кол-во источников 10 ===<=my_rss_data.py->get_all_rss_data[293]
2023-01-04 16:15:13,940:INFO.MY_RSS_DATA:INFO=>=== Запись свежих данных в SQL таблицы ===<=my_rss_data.py->load_newest_feeddirs_directly_to_sql[594]
2023-01-04 16:15:15,965:INFO.MY_RSS_DATA:INFO=>=== Конец записи. Кол-ва записей в таблицах: {'lenta.ru|rss|': 12398, 'www.vedomosti.ru|rss|news': 8603, 'tass.ru|rss|v2.xml': 6027, 'ria.ru|export|rss2|archive|index.xml': 6068, 'www.kommersant.ru|RSS|news.xml': 14758, 'rossaprimavera.ru|rss': 2699, 'regnum.ru|rss': 5911, 'www.cnews.ru|inc|rss|news.xml': 3777, 'hibinform.ru|feed|': 80, 'habr.com|ru|rss|all|all|': 999} ===<=my_rss_data.py->load_newest_feeddirs_directly_to_sql[606]
2023-01-04 20:15:09,979:INFO.MY_RSS_DATA:INFO=>=== Начало загрузки данных ===<=my_rss_data.py->get_all_rss_data[278]
2023-01-04 20:15:14,686:INFO.MY_RSS_DATA:INFO=>=== Данные загрузили. Кол-во источников 10 ===<=my_rss_data.py->get_all_rss_data[293]
2023-01-04 20:15:14,687:INFO.MY_RSS_DATA:INFO=>=== Запись свежих данных в SQL таблицы ===<=my_rss_data.py->load_newest_feeddirs_directly_to_sql[594]
2023-01-04 20:15:17,014:INFO.MY_RSS_DATA:INFO=>=== Конец записи. Кол-ва записей в таблицах: {'lenta.ru|rss|': 12598, 'www.vedomosti.ru|rss|news': 8803, 'tass.ru|rss|v2.xml': 6126, 'ria.ru|export|rss2|archive|index.xml': 6168, 'www.kommersant.ru|RSS|news.xml': 14988, 'rossaprimavera.ru|rss': 2744, 'regnum.ru|rss': 6011, 'www.cnews.ru|inc|rss|news.xml': 3777, 'hibinform.ru|feed|': 80, 'habr.com|ru|rss|all|all|': 1019} ===<=my_rss_data.py->load_newest_feeddirs_directly_to_sql[606]
2023-01-05 00:15:09,750:INFO.MY_RSS_DATA:INFO=>=== Начало загрузки данных ===<=my_rss_data.py->get_all_rss_data[278]
2023-01-05 00:15:13,546:INFO.MY_RSS_DATA:INFO=>=== Данные загрузили. Кол-во источников 10 ===<=my_rss_data.py->get_all_rss_data[293]
2023-01-05 00:15:13,546:INFO.MY_RSS_DATA:INFO=>=== Запись свежих данных в SQL таблицы ===<=my_rss_data.py->load_newest_feeddirs_directly_to_sql[594]
2023-01-05 00:15:15,047:INFO.MY_RSS_DATA:INFO=>=== Конец записи. Кол-ва записей в таблицах: {'lenta.ru|rss|': 12798, 'www.vedomosti.ru|rss|news': 9003, 'tass.ru|rss|v2.xml': 6224, 'ria.ru|export|rss2|archive|index.xml': 6268, 'www.kommersant.ru|RSS|news.xml': 15163, 'rossaprimavera.ru|rss': 2792, 'regnum.ru|rss': 6111, 'www.cnews.ru|inc|rss|news.xml': 3777, 'hibinform.ru|feed|': 80, 'habr.com|ru|rss|all|all|': 1039} ===<=my_rss_data.py->load_newest_feeddirs_directly_to_sql[606]
2023-01-05 04:15:11,057:INFO.MY_RSS_DATA:INFO=>=== Начало загрузки данных ===<=my_rss_data.py->get_all_rss_data[278]
2023-01-05 04:15:15,172:INFO.MY_RSS_DATA:INFO=>=== Данные загрузили. Кол-во источников 10 ===<=my_rss_data.py->get_all_rss_data[293]
2023-01-05 04:15:15,172:INFO.MY_RSS_DATA:INFO=>=== Запись свежих данных в SQL таблицы ===<=my_rss_data.py->load_newest_feeddirs_directly_to_sql[594]
2023-01-05 04:15:17,250:INFO.MY_RSS_DATA:INFO=>=== Конец записи. Кол-ва записей в таблицах: {'lenta.ru|rss|': 12998, 'www.vedomosti.ru|rss|news': 9003, 'tass.ru|rss|v2.xml': 6322, 'ria.ru|export|rss2|archive|index.xml': 6368, 'www.kommersant.ru|RSS|news.xml': 15348, 'rossaprimavera.ru|rss': 2824, 'regnum.ru|rss': 6211, 'www.cnews.ru|inc|rss|news.xml': 3777, 'hibinform.ru|feed|': 80, 'habr.com|ru|rss|all|all|': 1059} ===<=my_rss_data.py->load_newest_feeddirs_directly_to_sql[606]
2023-01-05 08:15:09,183:INFO.MY_RSS_DATA:INFO=>=== Начало загрузки данных ===<=my_rss_data.py->get_all_rss_data[278]
2023-01-05 08:15:13,333:INFO.MY_RSS_DATA:INFO=>=== Данные загрузили. Кол-во источников 10 ===<=my_rss_data.py->get_all_rss_data[293]
2023-01-05 08:15:13,333:INFO.MY_RSS_DATA:INFO=>=== Запись свежих данных в SQL таблицы ===<=my_rss_data.py->load_newest_feeddirs_directly_to_sql[594]
2023-01-05 08:15:15,634:INFO.MY_RSS_DATA:INFO=>=== Конец записи. Кол-ва записей в таблицах: {'lenta.ru|rss|': 13198, 'www.vedomosti.ru|rss|news': 9003, 'tass.ru|rss|v2.xml': 6422, 'ria.ru|export|rss2|archive|index.xml': 6468, 'www.kommersant.ru|RSS|news.xml': 15547, 'rossaprimavera.ru|rss': 2856, 'regnum.ru|rss': 6311, 'www.cnews.ru|inc|rss|news.xml': 3777, 'hibinform.ru|feed|': 80, 'habr.com|ru|rss|all|all|': 1079} ===<=my_rss_data.py->load_newest_feeddirs_directly_to_sql[606]
2023-01-05 12:15:07,171:INFO.MY_RSS_DATA:INFO=>=== Начало загрузки данных ===<=my_rss_data.py->get_all_rss_data[278]
2023-01-05 12:15:12,066:INFO.MY_RSS_DATA:INFO=>=== Данные загрузили. Кол-во источников 10 ===<=my_rss_data.py->get_all_rss_data[293]
2023-01-05 12:15:12,066:INFO.MY_RSS_DATA:INFO=>=== Запись свежих данных в SQL таблицы ===<=my_rss_data.py->load_newest_feeddirs_directly_to_sql[594]
2023-01-05 12:15:13,604:INFO.MY_RSS_DATA:INFO=>=== Конец записи. Кол-ва записей в таблицах: {'lenta.ru|rss|': 13398, 'www.vedomosti.ru|rss|news': 9203, 'tass.ru|rss|v2.xml': 6521, 'ria.ru|export|rss2|archive|index.xml': 6568, 'www.kommersant.ru|RSS|news.xml': 15758, 'rossaprimavera.ru|rss': 2887, 'regnum.ru|rss': 6411, 'www.cnews.ru|inc|rss|news.xml': 3977, 'hibinform.ru|feed|': 80, 'habr.com|ru|rss|all|all|': 1099} ===<=my_rss_data.py->load_newest_feeddirs_directly_to_sql[606]
2023-01-05 16:15:09,746:INFO.MY_RSS_DATA:INFO=>=== Начало загрузки данных ===<=my_rss_data.py->get_all_rss_data[278]
2023-01-05 16:15:14,043:INFO.MY_RSS_DATA:INFO=>=== Данные загрузили. Кол-во источников 10 ===<=my_rss_data.py->get_all_rss_data[293]
2023-01-05 16:15:14,043:INFO.MY_RSS_DATA:INFO=>=== Запись свежих данных в SQL таблицы ===<=my_rss_data.py->load_newest_feeddirs_directly_to_sql[594]
2023-01-05 16:15:16,043:INFO.MY_RSS_DATA:INFO=>=== Конец записи. Кол-ва записей в таблицах: {'lenta.ru|rss|': 13598, 'www.vedomosti.ru|rss|news': 9403, 'tass.ru|rss|v2.xml': 6620, 'ria.ru|export|rss2|archive|index.xml': 6668, 'www.kommersant.ru|RSS|news.xml': 15992, 'rossaprimavera.ru|rss': 2919, 'regnum.ru|rss': 6511, 'www.cnews.ru|inc|rss|news.xml': 4177, 'hibinform.ru|feed|': 80, 'habr.com|ru|rss|all|all|': 1119} ===<=my_rss_data.py->load_newest_feeddirs_directly_to_sql[606]
2023-01-05 20:15:09,045:INFO.MY_RSS_DATA:INFO=>=== Начало загрузки данных ===<=my_rss_data.py->get_all_rss_data[278]
2023-01-05 20:15:13,229:INFO.MY_RSS_DATA:INFO=>=== Данные загрузили. Кол-во источников 10 ===<=my_rss_data.py->get_all_rss_data[293]
2023-01-05 20:15:13,229:INFO.MY_RSS_DATA:INFO=>=== Запись свежих данных в SQL таблицы ===<=my_rss_data.py->load_newest_feeddirs_directly_to_sql[594]
2023-01-05 20:15:15,085:INFO.MY_RSS_DATA:INFO=>=== Конец записи. Кол-ва записей в таблицах: {'lenta.ru|rss|': 13798, 'www.vedomosti.ru|rss|news': 9603, 'tass.ru|rss|v2.xml': 6719, 'ria.ru|export|rss2|archive|index.xml': 6768, 'www.kommersant.ru|RSS|news.xml': 16246, 'rossaprimavera.ru|rss': 2969, 'regnum.ru|rss': 6611, 'www.cnews.ru|inc|rss|news.xml': 4177, 'hibinform.ru|feed|': 80, 'habr.com|ru|rss|all|all|': 1139} ===<=my_rss_data.py->load_newest_feeddirs_directly_to_sql[606]
2023-01-06 00:15:07,745:INFO.MY_RSS_DATA:INFO=>=== Начало загрузки данных ===<=my_rss_data.py->get_all_rss_data[278]
2023-01-06 00:15:11,596:INFO.MY_RSS_DATA:INFO=>=== Данные загрузили. Кол-во источников 10 ===<=my_rss_data.py->get_all_rss_data[293]
2023-01-06 00:15:11,596:INFO.MY_RSS_DATA:INFO=>=== Запись свежих данных в SQL таблицы ===<=my_rss_data.py->load_newest_feeddirs_directly_to_sql[594]
2023-01-06 00:15:13,165:INFO.MY_RSS_DATA:INFO=>=== Конец записи. Кол-ва записей в таблицах: {'lenta.ru|rss|': 13998, 'www.vedomosti.ru|rss|news': 9803, 'tass.ru|rss|v2.xml': 6817, 'ria.ru|export|rss2|archive|index.xml': 6868, 'www.kommersant.ru|RSS|news.xml': 16425, 'rossaprimavera.ru|rss': 3018, 'regnum.ru|rss': 6711, 'www.cnews.ru|inc|rss|news.xml': 4177, 'hibinform.ru|feed|': 80, 'habr.com|ru|rss|all|all|': 1159} ===<=my_rss_data.py->load_newest_feeddirs_directly_to_sql[606]
2023-01-06 04:15:10,587:INFO.MY_RSS_DATA:INFO=>=== Начало загрузки данных ===<=my_rss_data.py->get_all_rss_data[278]
2023-01-06 04:15:15,091:INFO.MY_RSS_DATA:INFO=>=== Данные загрузили. Кол-во источников 10 ===<=my_rss_data.py->get_all_rss_data[293]
2023-01-06 04:15:15,092:INFO.MY_RSS_DATA:INFO=>=== Запись свежих данных в SQL таблицы ===<=my_rss_data.py->load_newest_feeddirs_directly_to_sql[594]
2023-01-06 04:15:17,271:INFO.MY_RSS_DATA:INFO=>=== Конец записи. Кол-ва записей в таблицах: {'lenta.ru|rss|': 14198, 'www.vedomosti.ru|rss|news': 9803, 'tass.ru|rss|v2.xml': 6916, 'ria.ru|export|rss2|archive|index.xml': 6968, 'www.kommersant.ru|RSS|news.xml': 16612, 'rossaprimavera.ru|rss': 3059, 'regnum.ru|rss': 6811, 'www.cnews.ru|inc|rss|news.xml': 4177, 'hibinform.ru|feed|': 80, 'habr.com|ru|rss|all|all|': 1179} ===<=my_rss_data.py->load_newest_feeddirs_directly_to_sql[606]
2023-01-06 08:15:09,691:INFO.MY_RSS_DATA:INFO=>=== Начало загрузки данных ===<=my_rss_data.py->get_all_rss_data[278]
2023-01-06 08:15:14,707:INFO.MY_RSS_DATA:INFO=>=== Данные загрузили. Кол-во источников 10 ===<=my_rss_data.py->get_all_rss_data[293]
2023-01-06 08:15:14,707:INFO.MY_RSS_DATA:INFO=>=== Запись свежих данных в SQL таблицы ===<=my_rss_data.py->load_newest_feeddirs_directly_to_sql[594]
2023-01-06 08:15:17,073:INFO.MY_RSS_DATA:INFO=>=== Конец записи. Кол-ва записей в таблицах: {'lenta.ru|rss|': 14398, 'www.vedomosti.ru|rss|news': 10003, 'tass.ru|rss|v2.xml': 7014, 'ria.ru|export|rss2|archive|index.xml': 7068, 'www.kommersant.ru|RSS|news.xml': 16808, 'rossaprimavera.ru|rss': 3096, 'regnum.ru|rss': 6911, 'www.cnews.ru|inc|rss|news.xml': 4177, 'hibinform.ru|feed|': 80, 'habr.com|ru|rss|all|all|': 1199} ===<=my_rss_data.py->load_newest_feeddirs_directly_to_sql[606]
2023-01-06 12:15:07,253:INFO.MY_RSS_DATA:INFO=>=== Начало загрузки данных ===<=my_rss_data.py->get_all_rss_data[278]
2023-01-06 12:15:12,217:INFO.MY_RSS_DATA:INFO=>=== Данные загрузили. Кол-во источников 10 ===<=my_rss_data.py->get_all_rss_data[293]
2023-01-06 12:15:12,217:INFO.MY_RSS_DATA:INFO=>=== Запись свежих данных в SQL таблицы ===<=my_rss_data.py->load_newest_feeddirs_directly_to_sql[594]
2023-01-06 12:15:13,987:INFO.MY_RSS_DATA:INFO=>=== Конец записи. Кол-ва записей в таблицах: {'lenta.ru|rss|': 14598, 'www.vedomosti.ru|rss|news': 10203, 'tass.ru|rss|v2.xml': 7111, 'ria.ru|export|rss2|archive|index.xml': 7168, 'www.kommersant.ru|RSS|news.xml': 17020, 'rossaprimavera.ru|rss': 3129, 'regnum.ru|rss': 7011, 'www.cnews.ru|inc|rss|news.xml': 4377, 'hibinform.ru|feed|': 80, 'habr.com|ru|rss|all|all|': 1219} ===<=my_rss_data.py->load_newest_feeddirs_directly_to_sql[606]
2023-01-06 16:15:03,659:INFO.MY_RSS_DATA:INFO=>=== Начало загрузки данных ===<=my_rss_data.py->get_all_rss_data[278]
2023-01-06 16:15:08,187:INFO.MY_RSS_DATA:INFO=>=== Данные загрузили. Кол-во источников 10 ===<=my_rss_data.py->get_all_rss_data[293]
2023-01-06 16:15:08,187:INFO.MY_RSS_DATA:INFO=>=== Запись свежих данных в SQL таблицы ===<=my_rss_data.py->load_newest_feeddirs_directly_to_sql[594]
2023-01-06 16:15:09,692:INFO.MY_RSS_DATA:INFO=>=== Конец записи. Кол-ва записей в таблицах: {'lenta.ru|rss|': 14798, 'www.vedomosti.ru|rss|news': 10403, 'tass.ru|rss|v2.xml': 7209, 'ria.ru|export|rss2|archive|index.xml': 7268, 'www.kommersant.ru|RSS|news.xml': 17251, 'rossaprimavera.ru|rss': 3166, 'regnum.ru|rss': 7111, 'www.cnews.ru|inc|rss|news.xml': 4573, 'hibinform.ru|feed|': 80, 'habr.com|ru|rss|all|all|': 1239} ===<=my_rss_data.py->load_newest_feeddirs_directly_to_sql[606]
2023-01-06 20:15:09,368:INFO.MY_RSS_DATA:INFO=>=== Начало загрузки данных ===<=my_rss_data.py->get_all_rss_data[278]
2023-01-06 20:15:14,396:INFO.MY_RSS_DATA:INFO=>=== Данные загрузили. Кол-во источников 10 ===<=my_rss_data.py->get_all_rss_data[293]
2023-01-06 20:15:14,397:INFO.MY_RSS_DATA:INFO=>=== Запись свежих данных в SQL таблицы ===<=my_rss_data.py->load_newest_feeddirs_directly_to_sql[594]
2023-01-06 20:15:19,184:INFO.MY_RSS_DATA:INFO=>=== Конец записи. Кол-ва записей в таблицах: {'lenta.ru|rss|': 14998, 'www.vedomosti.ru|rss|news': 10603, 'tass.ru|rss|v2.xml': 7308, 'ria.ru|export|rss2|archive|index.xml': 7368, 'www.kommersant.ru|RSS|news.xml': 17500, 'rossaprimavera.ru|rss': 3214, 'regnum.ru|rss': 7211, 'www.cnews.ru|inc|rss|news.xml': 4573, 'hibinform.ru|feed|': 80, 'habr.com|ru|rss|all|all|': 1259} ===<=my_rss_data.py->load_newest_feeddirs_directly_to_sql[606]
2023-01-07 00:15:06,970:INFO.MY_RSS_DATA:INFO=>=== Начало загрузки данных ===<=my_rss_data.py->get_all_rss_data[278]
2023-01-07 00:15:11,145:INFO.MY_RSS_DATA:INFO=>=== Данные загрузили. Кол-во источников 10 ===<=my_rss_data.py->get_all_rss_data[293]
2023-01-07 00:15:11,145:INFO.MY_RSS_DATA:INFO=>=== Запись свежих данных в SQL таблицы ===<=my_rss_data.py->load_newest_feeddirs_directly_to_sql[594]
2023-01-07 00:15:12,758:INFO.MY_RSS_DATA:INFO=>=== Конец записи. Кол-ва записей в таблицах: {'lenta.ru|rss|': 15198, 'www.vedomosti.ru|rss|news': 10603, 'tass.ru|rss|v2.xml': 7407, 'ria.ru|export|rss2|archive|index.xml': 7466, 'www.kommersant.ru|RSS|news.xml': 17667, 'rossaprimavera.ru|rss': 3261, 'regnum.ru|rss': 7311, 'www.cnews.ru|inc|rss|news.xml': 4573, 'hibinform.ru|feed|': 80, 'habr.com|ru|rss|all|all|': 1279} ===<=my_rss_data.py->load_newest_feeddirs_directly_to_sql[606]
2023-01-07 04:15:10,412:INFO.MY_RSS_DATA:INFO=>=== Начало загрузки данных ===<=my_rss_data.py->get_all_rss_data[278]
2023-01-07 04:15:14,595:INFO.MY_RSS_DATA:INFO=>=== Данные загрузили. Кол-во источников 10 ===<=my_rss_data.py->get_all_rss_data[293]
2023-01-07 04:15:14,595:INFO.MY_RSS_DATA:INFO=>=== Запись свежих данных в SQL таблицы ===<=my_rss_data.py->load_newest_feeddirs_directly_to_sql[594]
2023-01-07 04:15:16,685:INFO.MY_RSS_DATA:INFO=>=== Конец записи. Кол-ва записей в таблицах: {'lenta.ru|rss|': 15398, 'www.vedomosti.ru|rss|news': 10603, 'tass.ru|rss|v2.xml': 7507, 'ria.ru|export|rss2|archive|index.xml': 7566, 'www.kommersant.ru|RSS|news.xml': 17843, 'rossaprimavera.ru|rss': 3296, 'regnum.ru|rss': 7411, 'www.cnews.ru|inc|rss|news.xml': 4573, 'hibinform.ru|feed|': 80, 'habr.com|ru|rss|all|all|': 1299} ===<=my_rss_data.py->load_newest_feeddirs_directly_to_sql[606]
2023-01-07 08:15:09,644:INFO.MY_RSS_DATA:INFO=>=== Начало загрузки данных ===<=my_rss_data.py->get_all_rss_data[278]
2023-01-07 08:15:14,553:INFO.MY_RSS_DATA:INFO=>=== Данные загрузили. Кол-во источников 10 ===<=my_rss_data.py->get_all_rss_data[293]
2023-01-07 08:15:14,553:INFO.MY_RSS_DATA:INFO=>=== Запись свежих данных в SQL таблицы ===<=my_rss_data.py->load_newest_feeddirs_directly_to_sql[594]
2023-01-07 08:15:16,693:INFO.MY_RSS_DATA:INFO=>=== Конец записи. Кол-ва записей в таблицах: {'lenta.ru|rss|': 15598, 'www.vedomosti.ru|rss|news': 10603, 'tass.ru|rss|v2.xml': 7606, 'ria.ru|export|rss2|archive|index.xml': 7666, 'www.kommersant.ru|RSS|news.xml': 18027, 'rossaprimavera.ru|rss': 3328, 'regnum.ru|rss': 7510, 'www.cnews.ru|inc|rss|news.xml': 4573, 'hibinform.ru|feed|': 80, 'habr.com|ru|rss|all|all|': 1319} ===<=my_rss_data.py->load_newest_feeddirs_directly_to_sql[606]
2023-01-07 12:15:08,158:INFO.MY_RSS_DATA:INFO=>=== Начало загрузки данных ===<=my_rss_data.py->get_all_rss_data[278]
2023-01-07 12:15:13,500:INFO.MY_RSS_DATA:INFO=>=== Данные загрузили. Кол-во источников 10 ===<=my_rss_data.py->get_all_rss_data[293]
2023-01-07 12:15:13,500:INFO.MY_RSS_DATA:INFO=>=== Запись свежих данных в SQL таблицы ===<=my_rss_data.py->load_newest_feeddirs_directly_to_sql[594]
2023-01-07 12:15:15,119:INFO.MY_RSS_DATA:INFO=>=== Конец записи. Кол-ва записей в таблицах: {'lenta.ru|rss|': 15798, 'www.vedomosti.ru|rss|news': 10803, 'tass.ru|rss|v2.xml': 7705, 'ria.ru|export|rss2|archive|index.xml': 7766, 'www.kommersant.ru|RSS|news.xml': 18223, 'rossaprimavera.ru|rss': 3361, 'regnum.ru|rss': 7610, 'www.cnews.ru|inc|rss|news.xml': 4573, 'hibinform.ru|feed|': 80, 'habr.com|ru|rss|all|all|': 1339} ===<=my_rss_data.py->load_newest_feeddirs_directly_to_sql[606]
2023-01-07 16:15:09,210:INFO.MY_RSS_DATA:INFO=>=== Начало загрузки данных ===<=my_rss_data.py->get_all_rss_data[278]
2023-01-07 16:15:13,423:INFO.MY_RSS_DATA:INFO=>=== Данные загрузили. Кол-во источников 10 ===<=my_rss_data.py->get_all_rss_data[293]
2023-01-07 16:15:13,423:INFO.MY_RSS_DATA:INFO=>=== Запись свежих данных в SQL таблицы ===<=my_rss_data.py->load_newest_feeddirs_directly_to_sql[594]
2023-01-07 16:15:15,410:INFO.MY_RSS_DATA:INFO=>=== Конец записи. Кол-ва записей в таблицах: {'lenta.ru|rss|': 15998, 'www.vedomosti.ru|rss|news': 11003, 'tass.ru|rss|v2.xml': 7805, 'ria.ru|export|rss2|archive|index.xml': 7866, 'www.kommersant.ru|RSS|news.xml': 18438, 'rossaprimavera.ru|rss': 3399, 'regnum.ru|rss': 7710, 'www.cnews.ru|inc|rss|news.xml': 4573, 'hibinform.ru|feed|': 80, 'habr.com|ru|rss|all|all|': 1359} ===<=my_rss_data.py->load_newest_feeddirs_directly_to_sql[606]
2023-01-07 20:15:09,974:INFO.MY_RSS_DATA:INFO=>=== Начало загрузки данных ===<=my_rss_data.py->get_all_rss_data[278]
2023-01-07 20:15:14,842:INFO.MY_RSS_DATA:INFO=>=== Данные загрузили. Кол-во источников 10 ===<=my_rss_data.py->get_all_rss_data[293]
2023-01-07 20:15:14,842:INFO.MY_RSS_DATA:INFO=>=== Запись свежих данных в SQL таблицы ===<=my_rss_data.py->load_newest_feeddirs_directly_to_sql[594]
2023-01-07 20:15:17,075:INFO.MY_RSS_DATA:INFO=>=== Конец записи. Кол-ва записей в таблицах: {'lenta.ru|rss|': 16198, 'www.vedomosti.ru|rss|news': 11203, 'tass.ru|rss|v2.xml': 7905, 'ria.ru|export|rss2|archive|index.xml': 7963, 'www.kommersant.ru|RSS|news.xml': 18669, 'rossaprimavera.ru|rss': 3440, 'regnum.ru|rss': 7810, 'www.cnews.ru|inc|rss|news.xml': 4573, 'hibinform.ru|feed|': 80, 'habr.com|ru|rss|all|all|': 1379} ===<=my_rss_data.py->load_newest_feeddirs_directly_to_sql[606]
2023-01-08 00:15:07,076:INFO.MY_RSS_DATA:INFO=>=== Начало загрузки данных ===<=my_rss_data.py->get_all_rss_data[278]
2023-01-08 00:15:11,142:INFO.MY_RSS_DATA:INFO=>=== Данные загрузили. Кол-во источников 10 ===<=my_rss_data.py->get_all_rss_data[293]
2023-01-08 00:15:11,142:INFO.MY_RSS_DATA:INFO=>=== Запись свежих данных в SQL таблицы ===<=my_rss_data.py->load_newest_feeddirs_directly_to_sql[594]
2023-01-08 00:15:12,643:INFO.MY_RSS_DATA:INFO=>=== Конец записи. Кол-ва записей в таблицах: {'lenta.ru|rss|': 16398, 'www.vedomosti.ru|rss|news': 11403, 'tass.ru|rss|v2.xml': 8004, 'ria.ru|export|rss2|archive|index.xml': 8061, 'www.kommersant.ru|RSS|news.xml': 18820, 'rossaprimavera.ru|rss': 3488, 'regnum.ru|rss': 7910, 'www.cnews.ru|inc|rss|news.xml': 4573, 'hibinform.ru|feed|': 80, 'habr.com|ru|rss|all|all|': 1398} ===<=my_rss_data.py->load_newest_feeddirs_directly_to_sql[606]
2023-01-08 04:15:09,207:INFO.MY_RSS_DATA:INFO=>=== Начало загрузки данных ===<=my_rss_data.py->get_all_rss_data[278]
2023-01-08 04:15:13,137:INFO.MY_RSS_DATA:INFO=>=== Данные загрузили. Кол-во источников 10 ===<=my_rss_data.py->get_all_rss_data[293]
2023-01-08 04:15:13,138:INFO.MY_RSS_DATA:INFO=>=== Запись свежих данных в SQL таблицы ===<=my_rss_data.py->load_newest_feeddirs_directly_to_sql[594]
2023-01-08 04:15:15,255:INFO.MY_RSS_DATA:INFO=>=== Конец записи. Кол-ва записей в таблицах: {'lenta.ru|rss|': 16598, 'www.vedomosti.ru|rss|news': 11403, 'tass.ru|rss|v2.xml': 8104, 'ria.ru|export|rss2|archive|index.xml': 8158, 'www.kommersant.ru|RSS|news.xml': 18978, 'rossaprimavera.ru|rss': 3524, 'regnum.ru|rss': 8010, 'www.cnews.ru|inc|rss|news.xml': 4573, 'hibinform.ru|feed|': 80, 'habr.com|ru|rss|all|all|': 1417} ===<=my_rss_data.py->load_newest_feeddirs_directly_to_sql[606]
2023-01-08 08:15:10,066:INFO.MY_RSS_DATA:INFO=>=== Начало загрузки данных ===<=my_rss_data.py->get_all_rss_data[278]
2023-01-08 08:15:15,316:INFO.MY_RSS_DATA:INFO=>=== Данные загрузили. Кол-во источников 10 ===<=my_rss_data.py->get_all_rss_data[293]
2023-01-08 08:15:15,316:INFO.MY_RSS_DATA:INFO=>=== Запись свежих данных в SQL таблицы ===<=my_rss_data.py->load_newest_feeddirs_directly_to_sql[594]
2023-01-08 08:15:17,673:INFO.MY_RSS_DATA:INFO=>=== Конец записи. Кол-ва записей в таблицах: {'lenta.ru|rss|': 16798, 'www.vedomosti.ru|rss|news': 11403, 'tass.ru|rss|v2.xml': 8203, 'ria.ru|export|rss2|archive|index.xml': 8257, 'www.kommersant.ru|RSS|news.xml': 19145, 'rossaprimavera.ru|rss': 3558, 'regnum.ru|rss': 8110, 'www.cnews.ru|inc|rss|news.xml': 4573, 'hibinform.ru|feed|': 80, 'habr.com|ru|rss|all|all|': 1436} ===<=my_rss_data.py->load_newest_feeddirs_directly_to_sql[606]
2023-01-08 12:15:07,381:INFO.MY_RSS_DATA:INFO=>=== Начало загрузки данных ===<=my_rss_data.py->get_all_rss_data[278]
2023-01-08 12:15:12,191:INFO.MY_RSS_DATA:INFO=>=== Данные загрузили. Кол-во источников 10 ===<=my_rss_data.py->get_all_rss_data[293]
2023-01-08 12:15:12,192:INFO.MY_RSS_DATA:INFO=>=== Запись свежих данных в SQL таблицы ===<=my_rss_data.py->load_newest_feeddirs_directly_to_sql[594]
2023-01-08 12:15:14,021:INFO.MY_RSS_DATA:INFO=>=== Конец записи. Кол-ва записей в таблицах: {'lenta.ru|rss|': 16998, 'www.vedomosti.ru|rss|news': 11603, 'tass.ru|rss|v2.xml': 8302, 'ria.ru|export|rss2|archive|index.xml': 8356, 'www.kommersant.ru|RSS|news.xml': 19329, 'rossaprimavera.ru|rss': 3594, 'regnum.ru|rss': 8210, 'www.cnews.ru|inc|rss|news.xml': 4573, 'hibinform.ru|feed|': 80, 'habr.com|ru|rss|all|all|': 1456} ===<=my_rss_data.py->load_newest_feeddirs_directly_to_sql[606]
2023-01-08 16:15:08,974:INFO.MY_RSS_DATA:INFO=>=== Начало загрузки данных ===<=my_rss_data.py->get_all_rss_data[278]
2023-01-08 20:15:10,046:INFO.MY_RSS_DATA:INFO=>=== Начало загрузки данных ===<=my_rss_data.py->get_all_rss_data[278]
2023-01-08 20:15:16,246:INFO.MY_RSS_DATA:INFO=>=== Данные загрузили. Кол-во источников 10 ===<=my_rss_data.py->get_all_rss_data[293]
2023-01-08 20:15:16,246:INFO.MY_RSS_DATA:INFO=>=== Запись свежих данных в SQL таблицы ===<=my_rss_data.py->load_newest_feeddirs_directly_to_sql[594]
2023-01-08 20:15:18,396:INFO.MY_RSS_DATA:INFO=>=== Конец записи. Кол-ва записей в таблицах: {'lenta.ru|rss|': 17198, 'www.vedomosti.ru|rss|news': 11803, 'tass.ru|rss|v2.xml': 8401, 'ria.ru|export|rss2|archive|index.xml': 8456, 'www.kommersant.ru|RSS|news.xml': 19567, 'rossaprimavera.ru|rss': 3643, 'regnum.ru|rss': 8309, 'www.cnews.ru|inc|rss|news.xml': 4573, 'hibinform.ru|feed|': 80, 'habr.com|ru|rss|all|all|': 1476} ===<=my_rss_data.py->load_newest_feeddirs_directly_to_sql[606]
2023-01-09 00:15:07,069:INFO.MY_RSS_DATA:INFO=>=== Начало загрузки данных ===<=my_rss_data.py->get_all_rss_data[278]
2023-01-09 00:15:11,593:INFO.MY_RSS_DATA:INFO=>=== Данные загрузили. Кол-во источников 10 ===<=my_rss_data.py->get_all_rss_data[293]
2023-01-09 00:15:11,593:INFO.MY_RSS_DATA:INFO=>=== Запись свежих данных в SQL таблицы ===<=my_rss_data.py->load_newest_feeddirs_directly_to_sql[594]
2023-01-09 00:15:14,407:INFO.MY_RSS_DATA:INFO=>=== Конец записи. Кол-ва записей в таблицах: {'lenta.ru|rss|': 17398, 'www.vedomosti.ru|rss|news': 12003, 'tass.ru|rss|v2.xml': 8500, 'ria.ru|export|rss2|archive|index.xml': 8556, 'www.kommersant.ru|RSS|news.xml': 19745, 'rossaprimavera.ru|rss': 3692, 'regnum.ru|rss': 8409, 'www.cnews.ru|inc|rss|news.xml': 4573, 'hibinform.ru|feed|': 80, 'habr.com|ru|rss|all|all|': 1496} ===<=my_rss_data.py->load_newest_feeddirs_directly_to_sql[606]
2023-01-09 04:15:09,396:INFO.MY_RSS_DATA:INFO=>=== Начало загрузки данных ===<=my_rss_data.py->get_all_rss_data[278]
2023-01-09 04:15:13,356:INFO.MY_RSS_DATA:INFO=>=== Данные загрузили. Кол-во источников 10 ===<=my_rss_data.py->get_all_rss_data[293]
2023-01-09 04:15:13,356:INFO.MY_RSS_DATA:INFO=>=== Запись свежих данных в SQL таблицы ===<=my_rss_data.py->load_newest_feeddirs_directly_to_sql[594]
2023-01-09 04:15:15,979:INFO.MY_RSS_DATA:INFO=>=== Конец записи. Кол-ва записей в таблицах: {'lenta.ru|rss|': 17598, 'www.vedomosti.ru|rss|news': 12003, 'tass.ru|rss|v2.xml': 8600, 'ria.ru|export|rss2|archive|index.xml': 8656, 'www.kommersant.ru|RSS|news.xml': 19931, 'rossaprimavera.ru|rss': 3729, 'regnum.ru|rss': 8509, 'www.cnews.ru|inc|rss|news.xml': 4573, 'hibinform.ru|feed|': 80, 'habr.com|ru|rss|all|all|': 1516} ===<=my_rss_data.py->load_newest_feeddirs_directly_to_sql[606]
2023-01-09 08:15:11,962:INFO.MY_RSS_DATA:INFO=>=== Начало загрузки данных ===<=my_rss_data.py->get_all_rss_data[278]
2023-01-09 08:15:16,129:INFO.MY_RSS_DATA:INFO=>=== Данные загрузили. Кол-во источников 10 ===<=my_rss_data.py->get_all_rss_data[293]
2023-01-09 08:15:16,129:INFO.MY_RSS_DATA:INFO=>=== Запись свежих данных в SQL таблицы ===<=my_rss_data.py->load_newest_feeddirs_directly_to_sql[594]
2023-01-09 08:15:19,111:INFO.MY_RSS_DATA:INFO=>=== Конец записи. Кол-ва записей в таблицах: {'lenta.ru|rss|': 17798, 'www.vedomosti.ru|rss|news': 12203, 'tass.ru|rss|v2.xml': 8700, 'ria.ru|export|rss2|archive|index.xml': 8756, 'www.kommersant.ru|RSS|news.xml': 20128, 'rossaprimavera.ru|rss': 3764, 'regnum.ru|rss': 8608, 'www.cnews.ru|inc|rss|news.xml': 4573, 'hibinform.ru|feed|': 80, 'habr.com|ru|rss|all|all|': 1536} ===<=my_rss_data.py->load_newest_feeddirs_directly_to_sql[606]
2023-01-09 12:15:07,671:INFO.MY_RSS_DATA:INFO=>=== Начало загрузки данных ===<=my_rss_data.py->get_all_rss_data[278]
2023-01-09 12:15:11,740:INFO.MY_RSS_DATA:INFO=>=== Данные загрузили. Кол-во источников 10 ===<=my_rss_data.py->get_all_rss_data[293]
2023-01-09 12:15:11,740:INFO.MY_RSS_DATA:INFO=>=== Запись свежих данных в SQL таблицы ===<=my_rss_data.py->load_newest_feeddirs_directly_to_sql[594]
2023-01-09 12:15:14,269:INFO.MY_RSS_DATA:INFO=>=== Конец записи. Кол-ва записей в таблицах: {'lenta.ru|rss|': 17998, 'www.vedomosti.ru|rss|news': 12403, 'tass.ru|rss|v2.xml': 8796, 'ria.ru|export|rss2|archive|index.xml': 8856, 'www.kommersant.ru|RSS|news.xml': 20364, 'rossaprimavera.ru|rss': 3799, 'regnum.ru|rss': 8708, 'www.cnews.ru|inc|rss|news.xml': 4773, 'hibinform.ru|feed|': 80, 'habr.com|ru|rss|all|all|': 1556} ===<=my_rss_data.py->load_newest_feeddirs_directly_to_sql[606]
2023-01-09 16:15:10,414:INFO.MY_RSS_DATA:INFO=>=== Начало загрузки данных ===<=my_rss_data.py->get_all_rss_data[278]
2023-01-09 16:15:14,794:INFO.MY_RSS_DATA:INFO=>=== Данные загрузили. Кол-во источников 10 ===<=my_rss_data.py->get_all_rss_data[293]
2023-01-09 16:15:14,795:INFO.MY_RSS_DATA:INFO=>=== Запись свежих данных в SQL таблицы ===<=my_rss_data.py->load_newest_feeddirs_directly_to_sql[594]
2023-01-09 16:15:17,482:INFO.MY_RSS_DATA:INFO=>=== Конец записи. Кол-ва записей в таблицах: {'lenta.ru|rss|': 18198, 'www.vedomosti.ru|rss|news': 12603, 'tass.ru|rss|v2.xml': 8895, 'ria.ru|export|rss2|archive|index.xml': 8956, 'www.kommersant.ru|RSS|news.xml': 20648, 'rossaprimavera.ru|rss': 3847, 'regnum.ru|rss': 8808, 'www.cnews.ru|inc|rss|news.xml': 4973, 'hibinform.ru|feed|': 80, 'habr.com|ru|rss|all|all|': 1576} ===<=my_rss_data.py->load_newest_feeddirs_directly_to_sql[606]
2023-01-09 20:15:10,741:INFO.MY_RSS_DATA:INFO=>=== Начало загрузки данных ===<=my_rss_data.py->get_all_rss_data[278]
2023-01-09 20:15:15,972:INFO.MY_RSS_DATA:INFO=>=== Данные загрузили. Кол-во источников 10 ===<=my_rss_data.py->get_all_rss_data[293]
2023-01-09 20:15:15,972:INFO.MY_RSS_DATA:INFO=>=== Запись свежих данных в SQL таблицы ===<=my_rss_data.py->load_newest_feeddirs_directly_to_sql[594]
2023-01-09 20:15:22,051:INFO.MY_RSS_DATA:INFO=>=== Конец записи. Кол-ва записей в таблицах: {'lenta.ru|rss|': 18398, 'www.vedomosti.ru|rss|news': 12803, 'tass.ru|rss|v2.xml': 8993, 'ria.ru|export|rss2|archive|index.xml': 9056, 'www.kommersant.ru|RSS|news.xml': 20965, 'rossaprimavera.ru|rss': 3898, 'regnum.ru|rss': 8908, 'www.cnews.ru|inc|rss|news.xml': 5173, 'hibinform.ru|feed|': 90, 'habr.com|ru|rss|all|all|': 1596} ===<=my_rss_data.py->load_newest_feeddirs_directly_to_sql[606]
2023-01-09 23:14:55,424:INFO.MY_RSS_DATA:INFO=>=== Начало загрузки данных ===<=my_rss_data.py->get_all_rss_data[278]
2023-01-09 23:15:00,543:INFO.MY_RSS_DATA:INFO=>=== Данные загрузили. Кол-во источников 10 ===<=my_rss_data.py->get_all_rss_data[293]
2023-01-09 23:15:00,543:INFO.MY_RSS_DATA:INFO=>=== Запись свежих данных в SQL таблицы ===<=my_rss_data.py->load_newest_feeddirs_directly_to_sql[594]
2023-01-09 23:15:03,893:INFO.MY_RSS_DATA:INFO=>=== Конец записи. Кол-ва записей в таблицах: {'lenta.ru|rss|': 18598, 'www.vedomosti.ru|rss|news': 13003, 'tass.ru|rss|v2.xml': 9092, 'ria.ru|export|rss2|archive|index.xml': 9156, 'www.kommersant.ru|RSS|news.xml': 21293, 'rossaprimavera.ru|rss': 3949, 'regnum.ru|rss': 9008, 'www.cnews.ru|inc|rss|news.xml': 5173, 'hibinform.ru|feed|': 100, 'habr.com|ru|rss|all|all|': 1616} ===<=my_rss_data.py->load_newest_feeddirs_directly_to_sql[606]
2023-01-09 23:20:34,781:INFO.MY_RSS_DATA:INFO=>=== Начало загрузки данных ===<=my_rss_data.py->get_all_rss_data[278]
2023-01-09 23:20:43,845:INFO.MY_RSS_DATA:INFO=>=== Данные загрузили. Кол-во источников 10 ===<=my_rss_data.py->get_all_rss_data[293]
2023-01-09 23:20:43,845:INFO.MY_RSS_DATA:INFO=>=== Запись свежих данных в SQL таблицы ===<=my_rss_data.py->load_newest_feeddirs_directly_to_sql[594]
2023-01-09 23:20:45,450:INFO.MY_RSS_DATA:INFO=>=== Конец записи. Кол-ва записей в таблицах: {'lenta.ru|rss|': 18598, 'www.vedomosti.ru|rss|news': 13003, 'tass.ru|rss|v2.xml': 9092, 'ria.ru|export|rss2|archive|index.xml': 9156, 'www.kommersant.ru|RSS|news.xml': 21293, 'rossaprimavera.ru|rss': 4000, 'regnum.ru|rss': 9008, 'www.cnews.ru|inc|rss|news.xml': 5173, 'hibinform.ru|feed|': 100, 'habr.com|ru|rss|all|all|': 1616} ===<=my_rss_data.py->load_newest_feeddirs_directly_to_sql[606]
2023-01-09 23:20:54,898:INFO.MY_RSS_DATA:INFO=>Объединенная таблица с данными сформирована.<=my_rss_data.py->cron_vitrine[996]
2023-01-09 23:20:55,158:INFO.MY_RSS_DATA:INFO=>Группы категорий загружены.<=my_rss_data.py->cron_vitrine[1000]
2023-01-09 23:20:58,584:INFO.MY_RSS_DATA:INFO=>Данным присвоены группы категорий.<=my_rss_data.py->cron_vitrine[1005]
2023-01-09 23:20:58,926:INFO.MY_RSS_DATA:INFO=>Витрина сформирована.<=my_rss_data.py->cron_vitrine[1011]
2023-01-09 23:40:43,901:INFO.MY_RSS_DATA:INFO=>=== Начало загрузки данных ===<=my_rss_data.py->get_all_rss_data[278]
2023-01-09 23:40:48,788:INFO.MY_RSS_DATA:INFO=>=== Данные загрузили. Кол-во источников 10 ===<=my_rss_data.py->get_all_rss_data[293]
2023-01-09 23:40:48,788:INFO.MY_RSS_DATA:INFO=>=== Запись свежих данных в SQL таблицы ===<=my_rss_data.py->load_newest_feeddirs_directly_to_sql[594]
2023-01-09 23:40:51,127:INFO.MY_RSS_DATA:INFO=>=== Конец записи. Кол-ва записей в таблицах: {'lenta.ru|rss|': 18798, 'www.vedomosti.ru|rss|news': 13003, 'tass.ru|rss|v2.xml': 9190, 'ria.ru|export|rss2|archive|index.xml': 9256, 'www.kommersant.ru|RSS|news.xml': 21622, 'rossaprimavera.ru|rss': 4051, 'regnum.ru|rss': 9108, 'www.cnews.ru|inc|rss|news.xml': 5173, 'hibinform.ru|feed|': 100, 'habr.com|ru|rss|all|all|': 1616} ===<=my_rss_data.py->load_newest_feeddirs_directly_to_sql[606]
2023-01-09 23:41:00,917:INFO.MY_RSS_DATA:INFO=>Объединенная таблица с данными сформирована.<=my_rss_data.py->cron_vitrine[996]
2023-01-09 23:41:01,886:INFO.MY_RSS_DATA:INFO=>Группы категорий загружены.<=my_rss_data.py->cron_vitrine[1000]
2023-01-09 23:41:04,305:INFO.MY_RSS_DATA:INFO=>Данным присвоены группы категорий.<=my_rss_data.py->cron_vitrine[1005]
2023-01-09 23:41:04,570:INFO.MY_RSS_DATA:INFO=>Витрина сформирована.<=my_rss_data.py->cron_vitrine[1011]
